This file contains any messages produced by compilers while
running configure, to aid debugging if configure makes a mistake.

It was created by configure, which was
generated by GNU Autoconf 2.69.  Invocation command line was

  $ ./configure --with-optimize

## --------- ##
## Platform. ##
## --------- ##

hostname = raspi
uname -m = armv7l
uname -r = 4.19.97-v7+
uname -s = Linux
uname -v = #1294 SMP Thu Jan 30 13:15:58 GMT 2020

/usr/bin/uname -p = unknown
/bin/uname -X     = unknown

/bin/arch              = unknown
/usr/bin/arch -k       = unknown
/usr/convex/getsysinfo = unknown
/usr/bin/hostinfo      = unknown
/bin/machine           = unknown
/usr/bin/oslevel       = unknown
/bin/universe          = unknown

PATH: /home/ab25cq/bin
PATH: /usr/local/sbin
PATH: /usr/local/bin
PATH: /usr/sbin
PATH: /usr/bin
PATH: /sbin
PATH: /bin
PATH: /usr/local/games
PATH: /usr/games


## ----------- ##
## Core tests. ##
## ----------- ##

configure:2153: checking for gcc
configure:2169: found /usr/bin/gcc
configure:2180: result: gcc
configure:2409: checking for C compiler version
configure:2418: gcc --version >&5
gcc (Raspbian 8.3.0-6+rpi1) 8.3.0
Copyright (C) 2018 Free Software Foundation, Inc.
This is free software; see the source for copying conditions.  There is NO
warranty; not even for MERCHANTABILITY or FITNESS FOR A PARTICULAR PURPOSE.

configure:2429: $? = 0
configure:2418: gcc -v >&5
Using built-in specs.
COLLECT_GCC=gcc
COLLECT_LTO_WRAPPER=/usr/lib/gcc/arm-linux-gnueabihf/8/lto-wrapper
Target: arm-linux-gnueabihf
Configured with: ../src/configure -v --with-pkgversion='Raspbian 8.3.0-6+rpi1' --with-bugurl=file:///usr/share/doc/gcc-8/README.Bugs --enable-languages=c,ada,c++,go,d,fortran,objc,obj-c++ --prefix=/usr --with-gcc-major-version-only --program-suffix=-8 --program-prefix=arm-linux-gnueabihf- --enable-shared --enable-linker-build-id --libexecdir=/usr/lib --without-included-gettext --enable-threads=posix --libdir=/usr/lib --enable-nls --enable-bootstrap --enable-clocale=gnu --enable-libstdcxx-debug --enable-libstdcxx-time=yes --with-default-libstdcxx-abi=new --enable-gnu-unique-object --disable-libitm --disable-libquadmath --disable-libquadmath-support --enable-plugin --with-system-zlib --with-target-system-zlib --enable-objc-gc=auto --enable-multiarch --disable-sjlj-exceptions --with-arch=armv6 --with-fpu=vfp --with-float=hard --disable-werror --enable-checking=release --build=arm-linux-gnueabihf --host=arm-linux-gnueabihf --target=arm-linux-gnueabihf
Thread model: posix
gcc version 8.3.0 (Raspbian 8.3.0-6+rpi1) 
configure:2429: $? = 0
configure:2418: gcc -V >&5
gcc: error: unrecognized command line option '-V'
gcc: fatal error: no input files
compilation terminated.
configure:2429: $? = 1
configure:2418: gcc -qversion >&5
gcc: error: unrecognized command line option '-qversion'; did you mean '--version'?
gcc: fatal error: no input files
compilation terminated.
configure:2429: $? = 1
configure:2449: checking whether the C compiler works
configure:2471: gcc    conftest.c  >&5
configure:2475: $? = 0
configure:2523: result: yes
configure:2526: checking for C compiler default output file name
configure:2528: result: a.out
configure:2534: checking for suffix of executables
configure:2541: gcc -o conftest    conftest.c  >&5
configure:2545: $? = 0
configure:2567: result: 
configure:2589: checking whether we are cross compiling
configure:2597: gcc -o conftest    conftest.c  >&5
configure:2601: $? = 0
configure:2608: ./conftest
configure:2612: $? = 0
configure:2600: result: no
configure:2605: checking for suffix of object files
configure:2627: gcc -c   conftest.c >&5
configure:2631: $? = 0
configure:2652: result: o
configure:2656: checking whether we are using the GNU C compiler
configure:2675: gcc -c   conftest.c >&5
configure:2675: $? = 0
configure:2684: result: yes
configure:2693: checking whether gcc accepts -g
configure:2713: gcc -c -g  conftest.c >&5
configure:2713: $? = 0
configure:2754: result: yes
configure:2771: checking for gcc option to accept ISO C89
configure:2834: gcc  -c -g -O2  conftest.c >&5
configure:2834: $? = 0
configure:2847: result: none needed
configure:2910: checking for a BSD-compatible install
configure:2978: result: /usr/bin/install -c
configure:2995: checking how to run the C preprocessor
configure:3026: gcc -E  conftest.c
configure:3026: $? = 0
configure:3040: gcc -E  conftest.c
conftest.c:9:10: fatal error: ac_nonexistent.h: No such file or directory
 #include <ac_nonexistent.h>
          ^~~~~~~~~~~~~~~~~~
compilation terminated.
configure:3040: $? = 1
configure: failed program was:
| /* confdefs.h */
| #define PACKAGE_NAME ""
| #define PACKAGE_TARNAME ""
| #define PACKAGE_VERSION ""
| #define PACKAGE_STRING ""
| #define PACKAGE_BUGREPORT ""
| #define PACKAGE_URL ""
| /* end confdefs.h.  */
| #include <ac_nonexistent.h>
configure:3065: result: gcc -E
configure:3085: gcc -E  conftest.c
configure:3085: $? = 0
configure:3099: gcc -E  conftest.c
conftest.c:9:10: fatal error: ac_nonexistent.h: No such file or directory
 #include <ac_nonexistent.h>
          ^~~~~~~~~~~~~~~~~~
compilation terminated.
configure:3099: $? = 1
configure: failed program was:
| /* confdefs.h */
| #define PACKAGE_NAME ""
| #define PACKAGE_TARNAME ""
| #define PACKAGE_VERSION ""
| #define PACKAGE_STRING ""
| #define PACKAGE_BUGREPORT ""
| #define PACKAGE_URL ""
| /* end confdefs.h.  */
| #include <ac_nonexistent.h>
configure:3128: checking for grep that handles long lines and -e
configure:3186: result: /bin/grep
configure:3191: checking for egrep
configure:3253: result: /bin/grep -E
configure:3258: checking for ANSI C header files
configure:3278: gcc -c -g -O2  conftest.c >&5
configure:3278: $? = 0
configure:3351: gcc -o conftest -g -O2   conftest.c  >&5
configure:3351: $? = 0
configure:3351: ./conftest
configure:3351: $? = 0
configure:3362: result: yes
configure:3375: checking for sys/types.h
configure:3375: gcc -c -g -O2  conftest.c >&5
configure:3375: $? = 0
configure:3375: result: yes
configure:3375: checking for sys/stat.h
configure:3375: gcc -c -g -O2  conftest.c >&5
configure:3375: $? = 0
configure:3375: result: yes
configure:3375: checking for stdlib.h
configure:3375: gcc -c -g -O2  conftest.c >&5
configure:3375: $? = 0
configure:3375: result: yes
configure:3375: checking for string.h
configure:3375: gcc -c -g -O2  conftest.c >&5
configure:3375: $? = 0
configure:3375: result: yes
configure:3375: checking for memory.h
configure:3375: gcc -c -g -O2  conftest.c >&5
configure:3375: $? = 0
configure:3375: result: yes
configure:3375: checking for strings.h
configure:3375: gcc -c -g -O2  conftest.c >&5
configure:3375: $? = 0
configure:3375: result: yes
configure:3375: checking for inttypes.h
configure:3375: gcc -c -g -O2  conftest.c >&5
configure:3375: $? = 0
configure:3375: result: yes
configure:3375: checking for stdint.h
configure:3375: gcc -c -g -O2  conftest.c >&5
configure:3375: $? = 0
configure:3375: result: yes
configure:3375: checking for unistd.h
configure:3375: gcc -c -g -O2  conftest.c >&5
configure:3375: $? = 0
configure:3375: result: yes
configure:3387: checking whether byte ordering is bigendian
configure:3402: gcc -c -g -O2  conftest.c >&5
conftest.c:20:9: error: unknown type name 'not'
         not a universal capable compiler
         ^~~
conftest.c:20:15: error: expected '=', ',', ';', 'asm' or '__attribute__' before 'universal'
         not a universal capable compiler
               ^~~~~~~~~
conftest.c:20:15: error: unknown type name 'universal'
configure:3402: $? = 1
configure: failed program was:
| /* confdefs.h */
| #define PACKAGE_NAME ""
| #define PACKAGE_TARNAME ""
| #define PACKAGE_VERSION ""
| #define PACKAGE_STRING ""
| #define PACKAGE_BUGREPORT ""
| #define PACKAGE_URL ""
| #define STDC_HEADERS 1
| #define HAVE_SYS_TYPES_H 1
| #define HAVE_SYS_STAT_H 1
| #define HAVE_STDLIB_H 1
| #define HAVE_STRING_H 1
| #define HAVE_MEMORY_H 1
| #define HAVE_STRINGS_H 1
| #define HAVE_INTTYPES_H 1
| #define HAVE_STDINT_H 1
| #define HAVE_UNISTD_H 1
| /* end confdefs.h.  */
| #ifndef __APPLE_CC__
| 	       not a universal capable compiler
| 	     #endif
| 	     typedef int dummy;
| 
configure:3447: gcc -c -g -O2  conftest.c >&5
configure:3447: $? = 0
configure:3465: gcc -c -g -O2  conftest.c >&5
conftest.c: In function 'main':
conftest.c:26:4: error: unknown type name 'not'; did you mean 'ino_t'?
    not big endian
    ^~~
    ino_t
conftest.c:26:12: error: expected '=', ',', ';', 'asm' or '__attribute__' before 'endian'
    not big endian
            ^~~~~~
configure:3465: $? = 1
configure: failed program was:
| /* confdefs.h */
| #define PACKAGE_NAME ""
| #define PACKAGE_TARNAME ""
| #define PACKAGE_VERSION ""
| #define PACKAGE_STRING ""
| #define PACKAGE_BUGREPORT ""
| #define PACKAGE_URL ""
| #define STDC_HEADERS 1
| #define HAVE_SYS_TYPES_H 1
| #define HAVE_SYS_STAT_H 1
| #define HAVE_STDLIB_H 1
| #define HAVE_STRING_H 1
| #define HAVE_MEMORY_H 1
| #define HAVE_STRINGS_H 1
| #define HAVE_INTTYPES_H 1
| #define HAVE_STDINT_H 1
| #define HAVE_UNISTD_H 1
| /* end confdefs.h.  */
| #include <sys/types.h>
| 		#include <sys/param.h>
| 
| int
| main ()
| {
| #if BYTE_ORDER != BIG_ENDIAN
| 		 not big endian
| 		#endif
| 
|   ;
|   return 0;
| }
configure:3593: result: no
configure:3650: checking CPU type
configure:3719: checking Operating System
configure:3752: checking for main in -ldl
configure:3771: gcc -o conftest -O2   conftest.c -ldl   >&5
configure:3771: $? = 0
configure:3780: result: yes
configure:3791: checking math.h usability
configure:3791: gcc -c -O2  conftest.c >&5
configure:3791: $? = 0
configure:3791: result: yes
configure:3791: checking math.h presence
configure:3791: gcc -E  conftest.c
configure:3791: $? = 0
configure:3791: result: yes
configure:3791: checking for math.h
configure:3791: result: yes
configure:3798: checking for main in -lm
configure:3817: gcc -o conftest -O2   conftest.c -lm   -ldl >&5
configure:3817: $? = 0
configure:3826: result: yes
configure:3833: checking iconv.h usability
configure:3833: gcc -c -O2  conftest.c >&5
configure:3833: $? = 0
configure:3833: result: yes
configure:3833: checking iconv.h presence
configure:3833: gcc -E  conftest.c
configure:3833: $? = 0
configure:3833: result: yes
configure:3833: checking for iconv.h
configure:3833: result: yes
configure:3846: checking pcre.h usability
configure:3846: gcc -c -O2  conftest.c >&5
configure:3846: $? = 0
configure:3846: result: yes
configure:3846: checking pcre.h presence
configure:3846: gcc -E  conftest.c
configure:3846: $? = 0
configure:3846: result: yes
configure:3846: checking for pcre.h
configure:3846: result: yes
configure:3853: checking for main in -lpcre
configure:3872: gcc -o conftest -O2   conftest.c -lpcre   -ldl -lm >&5
configure:3872: $? = 0
configure:3881: result: yes
configure:3890: checking ncurses.h usability
configure:3890: gcc -c -O2  conftest.c >&5
configure:3890: $? = 0
configure:3890: result: yes
configure:3890: checking ncurses.h presence
configure:3890: gcc -E  conftest.c
configure:3890: $? = 0
configure:3890: result: yes
configure:3890: checking for ncurses.h
configure:3890: result: yes
configure:3897: checking for main in -lncursesw
configure:3916: gcc -o conftest -O2   conftest.c -lncursesw   -ldl -lm -lpcre >&5
configure:3916: $? = 0
configure:3925: result: yes
configure:3933: checking for main in -lrt
configure:3952: gcc -o conftest -O2   conftest.c -lrt   -ldl -lm -lpcre -lncursesw >&5
configure:3952: $? = 0
configure:3961: result: yes
configure:3969: checking pthread.h usability
configure:3969: gcc -c -O2  conftest.c >&5
configure:3969: $? = 0
configure:3969: result: yes
configure:3969: checking pthread.h presence
configure:3969: gcc -E  conftest.c
configure:3969: $? = 0
configure:3969: result: yes
configure:3969: checking for pthread.h
configure:3969: result: yes
configure:3976: checking for main in -lpthread
configure:3995: gcc -o conftest -O2   conftest.c -lpthread   -ldl -lm -lpcre -lncursesw -lrt >&5
configure:3995: $? = 0
configure:4004: result: yes
configure:4033: checking for lchmod
configure:4033: gcc -o conftest -O2   conftest.c  -ldl -lm -lpcre -lncursesw -lrt -lpthread >&5
conftest.c:53:1: error: unknown type name 'choke'
 choke me
 ^~~~~
conftest.c:53:9: error: expected ';' before 'int'
 choke me
         ^
         ;
conftest.c:56:1:
 int
 ~~~      
configure:4033: $? = 1
configure: failed program was:
| /* confdefs.h */
| #define PACKAGE_NAME ""
| #define PACKAGE_TARNAME ""
| #define PACKAGE_VERSION ""
| #define PACKAGE_STRING ""
| #define PACKAGE_BUGREPORT ""
| #define PACKAGE_URL ""
| #define STDC_HEADERS 1
| #define HAVE_SYS_TYPES_H 1
| #define HAVE_SYS_STAT_H 1
| #define HAVE_STDLIB_H 1
| #define HAVE_STRING_H 1
| #define HAVE_MEMORY_H 1
| #define HAVE_STRINGS_H 1
| #define HAVE_INTTYPES_H 1
| #define HAVE_STDINT_H 1
| #define HAVE_UNISTD_H 1
| #define __32BIT_CPU__ 1
| #define HAVE_MATH_H 1
| #define HAVE_ICONV_H 1
| #define HAVE_PCRE_H 1
| #define HAVE_NCURSESW_H 1
| #define HAVE_PTHREAD_H 1
| /* end confdefs.h.  */
| /* Define lchmod to an innocuous variant, in case <limits.h> declares lchmod.
|    For example, HP-UX 11i <limits.h> declares gettimeofday.  */
| #define lchmod innocuous_lchmod
| 
| /* System header to define __stub macros and hopefully few prototypes,
|     which can conflict with char lchmod (); below.
|     Prefer <limits.h> to <assert.h> if __STDC__ is defined, since
|     <limits.h> exists even on freestanding compilers.  */
| 
| #ifdef __STDC__
| # include <limits.h>
| #else
| # include <assert.h>
| #endif
| 
| #undef lchmod
| 
| /* Override any GCC internal prototype to avoid an error.
|    Use char because int might match the return type of a GCC
|    builtin and then its argument prototype would still apply.  */
| #ifdef __cplusplus
| extern "C"
| #endif
| char lchmod ();
| /* The GNU C library defines this for functions which it implements
|     to always fail with ENOSYS.  Some functions are actually named
|     something starting with __ and the normal name is an alias.  */
| #if defined __stub_lchmod || defined __stub___lchmod
| choke me
| #endif
| 
| int
| main ()
| {
| return lchmod ();
|   ;
|   return 0;
| }
configure:4033: result: no
configure:4044: checking for execvpe
configure:4044: gcc -o conftest -O2   conftest.c  -ldl -lm -lpcre -lncursesw -lrt -lpthread >&5
configure:4044: $? = 0
configure:4044: result: yes
configure:4165: creating ./config.status

## ---------------------- ##
## Running config.status. ##
## ---------------------- ##

This file was extended by config.status, which was
generated by GNU Autoconf 2.69.  Invocation command line was

  CONFIG_FILES    = 
  CONFIG_HEADERS  = 
  CONFIG_LINKS    = 
  CONFIG_COMMANDS = 
  $ ./config.status 

on raspi

config.status:808: creating Makefile
config.status:808: creating config.h

## ---------------- ##
## Cache variables. ##
## ---------------- ##

ac_cv_c_bigendian=no
ac_cv_c_compiler_gnu=yes
ac_cv_env_CC_set=
ac_cv_env_CC_value=
ac_cv_env_CFLAGS_set=
ac_cv_env_CFLAGS_value=
ac_cv_env_CPPFLAGS_set=
ac_cv_env_CPPFLAGS_value=
ac_cv_env_CPP_set=
ac_cv_env_CPP_value=
ac_cv_env_LDFLAGS_set=
ac_cv_env_LDFLAGS_value=
ac_cv_env_LIBS_set=
ac_cv_env_LIBS_value=
ac_cv_env_build_alias_set=
ac_cv_env_build_alias_value=
ac_cv_env_host_alias_set=
ac_cv_env_host_alias_value=
ac_cv_env_target_alias_set=
ac_cv_env_target_alias_value=
ac_cv_func_execvpe=yes
ac_cv_func_lchmod=no
ac_cv_header_iconv_h=yes
ac_cv_header_inttypes_h=yes
ac_cv_header_math_h=yes
ac_cv_header_memory_h=yes
ac_cv_header_ncurses_h=yes
ac_cv_header_pcre_h=yes
ac_cv_header_pthread_h=yes
ac_cv_header_stdc=yes
ac_cv_header_stdint_h=yes
ac_cv_header_stdlib_h=yes
ac_cv_header_string_h=yes
ac_cv_header_strings_h=yes
ac_cv_header_sys_stat_h=yes
ac_cv_header_sys_types_h=yes
ac_cv_header_unistd_h=yes
ac_cv_lib_dl=ac_cv_lib_dl_main
ac_cv_lib_dl_main=yes
ac_cv_lib_m=ac_cv_lib_m_main
ac_cv_lib_m_main=yes
ac_cv_lib_ncursesw=ac_cv_lib_ncursesw_main
ac_cv_lib_ncursesw_main=yes
ac_cv_lib_pcre=ac_cv_lib_pcre_main
ac_cv_lib_pcre_main=yes
ac_cv_lib_pthread=ac_cv_lib_pthread_main
ac_cv_lib_pthread_main=yes
ac_cv_lib_rt=ac_cv_lib_rt_main
ac_cv_lib_rt_main=yes
ac_cv_objext=o
ac_cv_path_EGREP='/bin/grep -E'
ac_cv_path_GREP=/bin/grep
ac_cv_path_install='/usr/bin/install -c'
ac_cv_prog_CPP='gcc -E'
ac_cv_prog_ac_ct_CC=gcc
ac_cv_prog_cc_c89=
ac_cv_prog_cc_g=yes

## ----------------- ##
## Output variables. ##
## ----------------- ##

CC='gcc'
CFLAGS='-O2'
CPP='gcc -E'
CPPFLAGS=''
DEFS='-DHAVE_CONFIG_H'
DESTDIR='/usr/local'
ECHO_C=''
ECHO_N='-n'
ECHO_T=''
EGREP='/bin/grep -E'
EXEEXT=''
GREP='/bin/grep'
INSTALL_DATA='${INSTALL} -m 644'
INSTALL_PROGRAM='${INSTALL}'
INSTALL_SCRIPT='${INSTALL}'
LDFLAGS=''
LIBOBJS=''
LIBS=' -ldl -lm -lpcre -lncursesw -lrt -lpthread'
LTLIBOBJS=''
NCC='neo-c'
OBJEXT='o'
OS=''
PACKAGE_BUGREPORT=''
PACKAGE_NAME=''
PACKAGE_STRING=''
PACKAGE_TARNAME=''
PACKAGE_URL=''
PACKAGE_VERSION=''
PATH_SEPARATOR=':'
SHELL='/bin/bash'
ac_ct_CC='gcc'
bindir='${exec_prefix}/bin'
build_alias=''
datadir='${datarootdir}'
datarootdir='${prefix}/share'
docdir='${datarootdir}/doc/${PACKAGE}'
dvidir='${docdir}'
exec_prefix='${prefix}'
host_alias=''
htmldir='${docdir}'
includedir='${prefix}/include'
infodir='${datarootdir}/info'
libdir='${exec_prefix}/lib'
libexecdir='${exec_prefix}/libexec'
localedir='${datarootdir}/locale'
localstatedir='${prefix}/var'
mandir='${datarootdir}/man'
oldincludedir='/usr/include'
pdfdir='${docdir}'
prefix='/usr/local'
program_transform_name='s,x,x,'
psdir='${docdir}'
runstatedir='${localstatedir}/run'
sbindir='${exec_prefix}/sbin'
sharedstatedir='${prefix}/com'
sysconfdir='${prefix}/etc'
target_alias=''

## ----------- ##
## confdefs.h. ##
## ----------- ##

/* confdefs.h */
#define PACKAGE_NAME ""
#define PACKAGE_TARNAME ""
#define PACKAGE_VERSION ""
#define PACKAGE_STRING ""
#define PACKAGE_BUGREPORT ""
#define PACKAGE_URL ""
#define STDC_HEADERS 1
#define HAVE_SYS_TYPES_H 1
#define HAVE_SYS_STAT_H 1
#define HAVE_STDLIB_H 1
#define HAVE_STRING_H 1
#define HAVE_MEMORY_H 1
#define HAVE_STRINGS_H 1
#define HAVE_INTTYPES_H 1
#define HAVE_STDINT_H 1
#define HAVE_UNISTD_H 1
#define __32BIT_CPU__ 1
#define HAVE_MATH_H 1
#define HAVE_ICONV_H 1
#define HAVE_PCRE_H 1
#define HAVE_NCURSESW_H 1
#define HAVE_PTHREAD_H 1
#define HAVE_EXECVPE 1

configure: exit 0
