This file contains any messages produced by compilers while
running configure, to aid debugging if configure makes a mistake.

It was created by configure, which was
generated by GNU Autoconf 2.69.  Invocation command line was

  $ ./configure --with-optimize

## --------- ##
## Platform. ##
## --------- ##

hostname = macbook-4294.local
uname -m = x86_64
uname -r = 17.7.0
uname -s = Darwin
uname -v = Darwin Kernel Version 17.7.0: Thu Jun 18 21:21:34 PDT 2020; root:xnu-4570.71.82.5~1/RELEASE_X86_64

/usr/bin/uname -p = i386
/bin/uname -X     = unknown

/bin/arch              = unknown
/usr/bin/arch -k       = unknown
/usr/convex/getsysinfo = unknown
/usr/bin/hostinfo      = Mach kernel version:
	 Darwin Kernel Version 17.7.0: Thu Jun 18 21:21:34 PDT 2020; root:xnu-4570.71.82.5~1/RELEASE_X86_64
Kernel configured for up to 2 processors.
2 processors are physically available.
2 processors are logically available.
Processor type: i486 (Intel 80486)
Processors active: 0 1
Primary memory available: 16.00 gigabytes
Default processor set: 379 tasks, 1569 threads, 2 processors
Load average: 10.45, Mach factor: 0.19
/bin/machine           = unknown
/usr/bin/oslevel       = unknown
/bin/universe          = unknown

PATH: /usr/local/opt/llvm/bin/
PATH: /usr/local/opt/qemu/bin
PATH: /usr/local/opt/wget/bin
PATH: /Users/ab25cq/bin
PATH: /Users/ab25cq/go/bin
PATH: /usr/local/opt/go/libexec/bin
PATH: /Users/ab25cq/bin
PATH: /opt/local/bin
PATH: /opt/local/sbin
PATH: /opt/local/bin
PATH: /opt/local/sbin
PATH: /opt/local/bin
PATH: /opt/local/sbin
PATH: /opt/local/bin
PATH: /opt/local/sbin
PATH: /opt/local/bin
PATH: /opt/local/sbin
PATH: /usr/local/bin
PATH: /usr/bin
PATH: /bin
PATH: /usr/sbin
PATH: /sbin
PATH: /Users/ab25cq/scripts/


## ----------- ##
## Core tests. ##
## ----------- ##

configure:2155: checking for gcc
configure:2171: found /usr/bin/gcc
configure:2182: result: gcc
configure:2411: checking for C compiler version
configure:2420: gcc --version >&5
Apple LLVM version 10.0.0 (clang-1000.10.44.4)
Target: x86_64-apple-darwin17.7.0
Thread model: posix
InstalledDir: /Library/Developer/CommandLineTools/usr/bin
Configured with: --prefix=/Library/Developer/CommandLineTools/usr --with-gxx-include-dir=/usr/include/c++/4.2.1
configure:2431: $? = 0
configure:2420: gcc -v >&5
Configured with: --prefix=/Library/Developer/CommandLineTools/usr --with-gxx-include-dir=/usr/include/c++/4.2.1
Apple LLVM version 10.0.0 (clang-1000.10.44.4)
Target: x86_64-apple-darwin17.7.0
Thread model: posix
InstalledDir: /Library/Developer/CommandLineTools/usr/bin
configure:2431: $? = 0
configure:2420: gcc -V >&5
clang: error: argument to '-V' is missing (expected 1 value)
clang: error: no input files
configure:2431: $? = 1
configure:2420: gcc -qversion >&5
clang: error: unknown argument: '-qversion'
clang: error: no input files
configure:2431: $? = 1
configure:2451: checking whether the C compiler works
configure:2473: gcc   -I/usr/local/opt/llvm/include  -L/usr/local/opt/llvm/lib conftest.c  >&5
configure:2477: $? = 0
configure:2525: result: yes
configure:2528: checking for C compiler default output file name
configure:2530: result: a.out
configure:2536: checking for suffix of executables
configure:2543: gcc -o conftest   -I/usr/local/opt/llvm/include  -L/usr/local/opt/llvm/lib conftest.c  >&5
configure:2547: $? = 0
configure:2569: result: 
configure:2591: checking whether we are cross compiling
configure:2599: gcc -o conftest   -I/usr/local/opt/llvm/include  -L/usr/local/opt/llvm/lib conftest.c  >&5
configure:2603: $? = 0
configure:2610: ./conftest
configure:2614: $? = 0
configure:2629: result: no
configure:2634: checking for suffix of object files
configure:2656: gcc -c   -I/usr/local/opt/llvm/include conftest.c >&5
configure:2660: $? = 0
configure:2681: result: o
configure:2685: checking whether we are using the GNU C compiler
configure:2704: gcc -c   -I/usr/local/opt/llvm/include conftest.c >&5
configure:2704: $? = 0
configure:2713: result: yes
configure:2722: checking whether gcc accepts -g
configure:2742: gcc -c -g  -I/usr/local/opt/llvm/include conftest.c >&5
configure:2742: $? = 0
configure:2783: result: yes
configure:2800: checking for gcc option to accept ISO C89
configure:2863: gcc  -c -g -O2  -I/usr/local/opt/llvm/include conftest.c >&5
configure:2863: $? = 0
configure:2876: result: none needed
configure:2939: checking for a BSD-compatible install
configure:3007: result: /usr/bin/install -c
configure:3024: checking how to run the C preprocessor
configure:3055: gcc -E  -I/usr/local/opt/llvm/include conftest.c
configure:3055: $? = 0
configure:3069: gcc -E  -I/usr/local/opt/llvm/include conftest.c
conftest.c:9:10: fatal error: 'ac_nonexistent.h' file not found
#include <ac_nonexistent.h>
         ^~~~~~~~~~~~~~~~~~
1 error generated.
configure:3069: $? = 1
configure: failed program was:
| /* confdefs.h */
| #define PACKAGE_NAME ""
| #define PACKAGE_TARNAME ""
| #define PACKAGE_VERSION ""
| #define PACKAGE_STRING ""
| #define PACKAGE_BUGREPORT ""
| #define PACKAGE_URL ""
| /* end confdefs.h.  */
| #include <ac_nonexistent.h>
configure:3094: result: gcc -E
configure:3114: gcc -E  -I/usr/local/opt/llvm/include conftest.c
configure:3114: $? = 0
configure:3128: gcc -E  -I/usr/local/opt/llvm/include conftest.c
conftest.c:9:10: fatal error: 'ac_nonexistent.h' file not found
#include <ac_nonexistent.h>
         ^~~~~~~~~~~~~~~~~~
1 error generated.
configure:3128: $? = 1
configure: failed program was:
| /* confdefs.h */
| #define PACKAGE_NAME ""
| #define PACKAGE_TARNAME ""
| #define PACKAGE_VERSION ""
| #define PACKAGE_STRING ""
| #define PACKAGE_BUGREPORT ""
| #define PACKAGE_URL ""
| /* end confdefs.h.  */
| #include <ac_nonexistent.h>
configure:3157: checking for grep that handles long lines and -e
configure:3215: result: /usr/bin/grep
configure:3220: checking for egrep
configure:3282: result: /usr/bin/grep -E
configure:3287: checking for ANSI C header files
configure:3307: gcc -c -g -O2  -I/usr/local/opt/llvm/include conftest.c >&5
configure:3307: $? = 0
configure:3380: gcc -o conftest -g -O2  -I/usr/local/opt/llvm/include  -L/usr/local/opt/llvm/lib conftest.c  >&5
configure:3380: $? = 0
configure:3380: ./conftest
configure:3380: $? = 0
configure:3391: result: yes
configure:3404: checking for sys/types.h
configure:3404: gcc -c -g -O2  -I/usr/local/opt/llvm/include conftest.c >&5
configure:3404: $? = 0
configure:3404: result: yes
configure:3404: checking for sys/stat.h
configure:3404: gcc -c -g -O2  -I/usr/local/opt/llvm/include conftest.c >&5
configure:3404: $? = 0
configure:3404: result: yes
configure:3404: checking for stdlib.h
configure:3404: gcc -c -g -O2  -I/usr/local/opt/llvm/include conftest.c >&5
configure:3404: $? = 0
configure:3404: result: yes
configure:3404: checking for string.h
configure:3404: gcc -c -g -O2  -I/usr/local/opt/llvm/include conftest.c >&5
configure:3404: $? = 0
configure:3404: result: yes
configure:3404: checking for memory.h
configure:3404: gcc -c -g -O2  -I/usr/local/opt/llvm/include conftest.c >&5
configure:3404: $? = 0
configure:3404: result: yes
configure:3404: checking for strings.h
configure:3404: gcc -c -g -O2  -I/usr/local/opt/llvm/include conftest.c >&5
configure:3404: $? = 0
configure:3404: result: yes
configure:3404: checking for inttypes.h
configure:3404: gcc -c -g -O2  -I/usr/local/opt/llvm/include conftest.c >&5
configure:3404: $? = 0
configure:3404: result: yes
configure:3404: checking for stdint.h
configure:3404: gcc -c -g -O2  -I/usr/local/opt/llvm/include conftest.c >&5
configure:3404: $? = 0
configure:3404: result: yes
configure:3404: checking for unistd.h
configure:3404: gcc -c -g -O2  -I/usr/local/opt/llvm/include conftest.c >&5
configure:3404: $? = 0
configure:3404: result: yes
configure:3416: checking whether byte ordering is bigendian
configure:3431: gcc -c -g -O2  -I/usr/local/opt/llvm/include conftest.c >&5
configure:3431: $? = 0
configure:3476: gcc -c -g -O2  -I/usr/local/opt/llvm/include conftest.c >&5
configure:3476: $? = 0
configure:3494: gcc -c -g -O2  -I/usr/local/opt/llvm/include conftest.c >&5
conftest.c:26:4: error: use of undeclared identifier 'not'
                 not big endian
                 ^
1 error generated.
configure:3494: $? = 1
configure: failed program was:
| /* confdefs.h */
| #define PACKAGE_NAME ""
| #define PACKAGE_TARNAME ""
| #define PACKAGE_VERSION ""
| #define PACKAGE_STRING ""
| #define PACKAGE_BUGREPORT ""
| #define PACKAGE_URL ""
| #define STDC_HEADERS 1
| #define HAVE_SYS_TYPES_H 1
| #define HAVE_SYS_STAT_H 1
| #define HAVE_STDLIB_H 1
| #define HAVE_STRING_H 1
| #define HAVE_MEMORY_H 1
| #define HAVE_STRINGS_H 1
| #define HAVE_INTTYPES_H 1
| #define HAVE_STDINT_H 1
| #define HAVE_UNISTD_H 1
| /* end confdefs.h.  */
| #include <sys/types.h>
| 		#include <sys/param.h>
| 
| int
| main ()
| {
| #if BYTE_ORDER != BIG_ENDIAN
| 		 not big endian
| 		#endif
| 
|   ;
|   return 0;
| }
configure:3622: result: no
configure:3672: checking CPU type
configure:3741: checking Operating System
configure:3865: checking for main in -ldl
configure:3884: gcc -o conftest -Isrc/ -I. -L . -DPREFIX="\"${DESTDIR}/\"" -I/usr/local/include -L /usr/local/lib -O3  -I/usr/local/opt/llvm/include  -L/usr/local/opt/llvm/lib conftest.c -ldl   >&5
configure:3884: $? = 0
configure:3893: result: yes
configure:3904: checking math.h usability
configure:3904: gcc -c -Isrc/ -I. -L . -DPREFIX="\"${DESTDIR}/\"" -I/usr/local/include -L /usr/local/lib -O3  -I/usr/local/opt/llvm/include conftest.c >&5
clang: warning: argument unused during compilation: '-L.' [-Wunused-command-line-argument]
clang: warning: argument unused during compilation: '-L/usr/local/lib' [-Wunused-command-line-argument]
configure:3904: $? = 0
configure:3904: result: yes
configure:3904: checking math.h presence
configure:3904: gcc -E  -I/usr/local/opt/llvm/include conftest.c
configure:3904: $? = 0
configure:3904: result: yes
configure:3904: checking for math.h
configure:3904: result: yes
configure:3911: checking for main in -lm
configure:3930: gcc -o conftest -Isrc/ -I. -L . -DPREFIX="\"${DESTDIR}/\"" -I/usr/local/include -L /usr/local/lib -O3  -I/usr/local/opt/llvm/include  -L/usr/local/opt/llvm/lib conftest.c -lm   -ldl >&5
configure:3930: $? = 0
configure:3939: result: yes
configure:3946: checking iconv.h usability
configure:3946: gcc -c -Isrc/ -I. -L . -DPREFIX="\"${DESTDIR}/\"" -I/usr/local/include -L /usr/local/lib -O3  -I/usr/local/opt/llvm/include conftest.c >&5
clang: warning: argument unused during compilation: '-L.' [-Wunused-command-line-argument]
clang: warning: argument unused during compilation: '-L/usr/local/lib' [-Wunused-command-line-argument]
configure:3946: $? = 0
configure:3946: result: yes
configure:3946: checking iconv.h presence
configure:3946: gcc -E  -I/usr/local/opt/llvm/include conftest.c
configure:3946: $? = 0
configure:3946: result: yes
configure:3946: checking for iconv.h
configure:3946: result: yes
configure:3959: checking pcre.h usability
configure:3959: gcc -c -Isrc/ -I. -L . -DPREFIX="\"${DESTDIR}/\"" -I/usr/local/include -L /usr/local/lib -O3  -I/usr/local/opt/llvm/include conftest.c >&5
clang: warning: argument unused during compilation: '-L.' [-Wunused-command-line-argument]
clang: warning: argument unused during compilation: '-L/usr/local/lib' [-Wunused-command-line-argument]
configure:3959: $? = 0
configure:3959: result: yes
configure:3959: checking pcre.h presence
configure:3959: gcc -E  -I/usr/local/opt/llvm/include conftest.c
configure:3959: $? = 0
configure:3959: result: yes
configure:3959: checking for pcre.h
configure:3959: result: yes
configure:3966: checking for main in -lpcre
configure:3985: gcc -o conftest -Isrc/ -I. -L . -DPREFIX="\"${DESTDIR}/\"" -I/usr/local/include -L /usr/local/lib -O3  -I/usr/local/opt/llvm/include  -L/usr/local/opt/llvm/lib conftest.c -lpcre   -ldl -lm -liconv >&5
configure:3985: $? = 0
configure:3994: result: yes
configure:4003: checking ncurses.h usability
configure:4003: gcc -c -Isrc/ -I. -L . -DPREFIX="\"${DESTDIR}/\"" -I/usr/local/include -L /usr/local/lib -O3  -I/usr/local/opt/llvm/include conftest.c >&5
clang: warning: argument unused during compilation: '-L.' [-Wunused-command-line-argument]
clang: warning: argument unused during compilation: '-L/usr/local/lib' [-Wunused-command-line-argument]
configure:4003: $? = 0
configure:4003: result: yes
configure:4003: checking ncurses.h presence
configure:4003: gcc -E  -I/usr/local/opt/llvm/include conftest.c
configure:4003: $? = 0
configure:4003: result: yes
configure:4003: checking for ncurses.h
configure:4003: result: yes
configure:4010: checking for main in -lncursesw
configure:4029: gcc -o conftest -Isrc/ -I. -L . -DPREFIX="\"${DESTDIR}/\"" -I/usr/local/include -L /usr/local/lib -O3  -I/usr/local/opt/llvm/include  -L/usr/local/opt/llvm/lib conftest.c -lncursesw   -ldl -lm -liconv -lpcre >&5
ld: library not found for -lncursesw
clang: error: linker command failed with exit code 1 (use -v to see invocation)
configure:4029: $? = 1
configure: failed program was:
| /* confdefs.h */
| #define PACKAGE_NAME ""
| #define PACKAGE_TARNAME ""
| #define PACKAGE_VERSION ""
| #define PACKAGE_STRING ""
| #define PACKAGE_BUGREPORT ""
| #define PACKAGE_URL ""
| #define STDC_HEADERS 1
| #define HAVE_SYS_TYPES_H 1
| #define HAVE_SYS_STAT_H 1
| #define HAVE_STDLIB_H 1
| #define HAVE_STRING_H 1
| #define HAVE_MEMORY_H 1
| #define HAVE_STRINGS_H 1
| #define HAVE_INTTYPES_H 1
| #define HAVE_STDINT_H 1
| #define HAVE_UNISTD_H 1
| #define __64BIT_CPU__ 1
| #define __DARWIN__ 1
| #define HAVE_MATH_H 1
| #define HAVE_ICONV_H 1
| #define HAVE_PCRE_H 1
| #define HAVE_NCURSESW_H 1
| /* end confdefs.h.  */
| 
| 
| int
| main ()
| {
| return main ();
|   ;
|   return 0;
| }
configure:4038: result: no
configure:4045: checking pthread.h usability
configure:4045: gcc -c -Isrc/ -I. -L . -DPREFIX="\"${DESTDIR}/\"" -I/usr/local/include -L /usr/local/lib -O3  -I/usr/local/opt/llvm/include conftest.c >&5
clang: warning: argument unused during compilation: '-L.' [-Wunused-command-line-argument]
clang: warning: argument unused during compilation: '-L/usr/local/lib' [-Wunused-command-line-argument]
configure:4045: $? = 0
configure:4045: result: yes
configure:4045: checking pthread.h presence
configure:4045: gcc -E  -I/usr/local/opt/llvm/include conftest.c
configure:4045: $? = 0
configure:4045: result: yes
configure:4045: checking for pthread.h
configure:4045: result: yes
configure:4054: checking for main in -lpthread
configure:4073: gcc -o conftest -Isrc/ -I. -L . -DPREFIX="\"${DESTDIR}/\"" -I/usr/local/include -L /usr/local/lib -O3  -I/usr/local/opt/llvm/include  -L/usr/local/opt/llvm/lib conftest.c -lpthread   -ldl -lm -liconv -lpcre >&5
configure:4073: $? = 0
configure:4082: result: yes
configure:4092: checking for main in -lrt
configure:4111: gcc -o conftest -Isrc/ -I. -L . -DPREFIX="\"${DESTDIR}/\"" -I/usr/local/include -L /usr/local/lib -O3  -I/usr/local/opt/llvm/include  -L/usr/local/opt/llvm/lib conftest.c -lrt   -ldl -lm -liconv -lpcre -lpthread >&5
ld: library not found for -lrt
clang: error: linker command failed with exit code 1 (use -v to see invocation)
configure:4111: $? = 1
configure: failed program was:
| /* confdefs.h */
| #define PACKAGE_NAME ""
| #define PACKAGE_TARNAME ""
| #define PACKAGE_VERSION ""
| #define PACKAGE_STRING ""
| #define PACKAGE_BUGREPORT ""
| #define PACKAGE_URL ""
| #define STDC_HEADERS 1
| #define HAVE_SYS_TYPES_H 1
| #define HAVE_SYS_STAT_H 1
| #define HAVE_STDLIB_H 1
| #define HAVE_STRING_H 1
| #define HAVE_MEMORY_H 1
| #define HAVE_STRINGS_H 1
| #define HAVE_INTTYPES_H 1
| #define HAVE_STDINT_H 1
| #define HAVE_UNISTD_H 1
| #define __64BIT_CPU__ 1
| #define __DARWIN__ 1
| #define HAVE_MATH_H 1
| #define HAVE_ICONV_H 1
| #define HAVE_PCRE_H 1
| #define HAVE_NCURSESW_H 1
| #define HAVE_PTHREAD_H 1
| /* end confdefs.h.  */
| 
| 
| int
| main ()
| {
| return main ();
|   ;
|   return 0;
| }
configure:4120: result: no
configure:4151: checking for lchmod
configure:4151: gcc -o conftest -Isrc/ -I. -L . -DPREFIX="\"${DESTDIR}/\"" -I/usr/local/include -L /usr/local/lib -O3 -Qunused-arguments  -I/usr/local/opt/llvm/include  -L/usr/local/opt/llvm/lib conftest.c  -ldl -lm -liconv -lpcre -lpthread >&5
configure:4151: $? = 0
configure:4151: result: yes
configure:4162: checking for execvpe
configure:4162: gcc -o conftest -Isrc/ -I. -L . -DPREFIX="\"${DESTDIR}/\"" -I/usr/local/include -L /usr/local/lib -O3 -Qunused-arguments  -I/usr/local/opt/llvm/include  -L/usr/local/opt/llvm/lib conftest.c  -ldl -lm -liconv -lpcre -lpthread >&5
Undefined symbols for architecture x86_64:
  "_execvpe", referenced from:
      _main in conftest-8529a9.o
ld: symbol(s) not found for architecture x86_64
clang: error: linker command failed with exit code 1 (use -v to see invocation)
configure:4162: $? = 1
configure: failed program was:
| /* confdefs.h */
| #define PACKAGE_NAME ""
| #define PACKAGE_TARNAME ""
| #define PACKAGE_VERSION ""
| #define PACKAGE_STRING ""
| #define PACKAGE_BUGREPORT ""
| #define PACKAGE_URL ""
| #define STDC_HEADERS 1
| #define HAVE_SYS_TYPES_H 1
| #define HAVE_SYS_STAT_H 1
| #define HAVE_STDLIB_H 1
| #define HAVE_STRING_H 1
| #define HAVE_MEMORY_H 1
| #define HAVE_STRINGS_H 1
| #define HAVE_INTTYPES_H 1
| #define HAVE_STDINT_H 1
| #define HAVE_UNISTD_H 1
| #define __64BIT_CPU__ 1
| #define __DARWIN__ 1
| #define HAVE_MATH_H 1
| #define HAVE_ICONV_H 1
| #define HAVE_PCRE_H 1
| #define HAVE_NCURSESW_H 1
| #define HAVE_PTHREAD_H 1
| #define HAVE_LCHMOD 1
| /* end confdefs.h.  */
| /* Define execvpe to an innocuous variant, in case <limits.h> declares execvpe.
|    For example, HP-UX 11i <limits.h> declares gettimeofday.  */
| #define execvpe innocuous_execvpe
| 
| /* System header to define __stub macros and hopefully few prototypes,
|     which can conflict with char execvpe (); below.
|     Prefer <limits.h> to <assert.h> if __STDC__ is defined, since
|     <limits.h> exists even on freestanding compilers.  */
| 
| #ifdef __STDC__
| # include <limits.h>
| #else
| # include <assert.h>
| #endif
| 
| #undef execvpe
| 
| /* Override any GCC internal prototype to avoid an error.
|    Use char because int might match the return type of a GCC
|    builtin and then its argument prototype would still apply.  */
| #ifdef __cplusplus
| extern "C"
| #endif
| char execvpe ();
| /* The GNU C library defines this for functions which it implements
|     to always fail with ENOSYS.  Some functions are actually named
|     something starting with __ and the normal name is an alias.  */
| #if defined __stub_execvpe || defined __stub___execvpe
| choke me
| #endif
| 
| int
| main ()
| {
| return execvpe ();
|   ;
|   return 0;
| }
configure:4162: result: no
configure:4291: creating ./config.status

## ---------------------- ##
## Running config.status. ##
## ---------------------- ##

This file was extended by config.status, which was
generated by GNU Autoconf 2.69.  Invocation command line was

  CONFIG_FILES    = 
  CONFIG_HEADERS  = 
  CONFIG_LINKS    = 
  CONFIG_COMMANDS = 
  $ ./config.status 

on macbook-4294.local

config.status:813: creating Makefile
config.status:813: creating config.h

## ---------------- ##
## Cache variables. ##
## ---------------- ##

ac_cv_c_bigendian=no
ac_cv_c_compiler_gnu=yes
ac_cv_env_CC_set=
ac_cv_env_CC_value=
ac_cv_env_CFLAGS_set=
ac_cv_env_CFLAGS_value=
ac_cv_env_CPPFLAGS_set=set
ac_cv_env_CPPFLAGS_value=' -I/usr/local/opt/llvm/include'
ac_cv_env_CPP_set=
ac_cv_env_CPP_value=
ac_cv_env_LDFLAGS_set=set
ac_cv_env_LDFLAGS_value=' -L/usr/local/opt/llvm/lib'
ac_cv_env_LIBS_set=
ac_cv_env_LIBS_value=
ac_cv_env_build_alias_set=
ac_cv_env_build_alias_value=
ac_cv_env_host_alias_set=
ac_cv_env_host_alias_value=
ac_cv_env_target_alias_set=
ac_cv_env_target_alias_value=
ac_cv_func_execvpe=no
ac_cv_func_lchmod=yes
ac_cv_header_iconv_h=yes
ac_cv_header_inttypes_h=yes
ac_cv_header_math_h=yes
ac_cv_header_memory_h=yes
ac_cv_header_ncurses_h=yes
ac_cv_header_pcre_h=yes
ac_cv_header_pthread_h=yes
ac_cv_header_stdc=yes
ac_cv_header_stdint_h=yes
ac_cv_header_stdlib_h=yes
ac_cv_header_string_h=yes
ac_cv_header_strings_h=yes
ac_cv_header_sys_stat_h=yes
ac_cv_header_sys_types_h=yes
ac_cv_header_unistd_h=yes
ac_cv_lib_dl=ac_cv_lib_dl_main
ac_cv_lib_dl_main=yes
ac_cv_lib_m=ac_cv_lib_m_main
ac_cv_lib_m_main=yes
ac_cv_lib_ncursesw=ac_cv_lib_ncursesw_main
ac_cv_lib_ncursesw_main=no
ac_cv_lib_pcre=ac_cv_lib_pcre_main
ac_cv_lib_pcre_main=yes
ac_cv_lib_pthread=ac_cv_lib_pthread_main
ac_cv_lib_pthread_main=yes
ac_cv_lib_rt=ac_cv_lib_rt_main
ac_cv_lib_rt_main=no
ac_cv_objext=o
ac_cv_path_EGREP='/usr/bin/grep -E'
ac_cv_path_GREP=/usr/bin/grep
ac_cv_path_install='/usr/bin/install -c'
ac_cv_prog_CPP='gcc -E'
ac_cv_prog_ac_ct_CC=gcc
ac_cv_prog_cc_c89=
ac_cv_prog_cc_g=yes

## ----------------- ##
## Output variables. ##
## ----------------- ##

CC='gcc'
CFLAGS='-Isrc/ -I. -L . -DPREFIX="\"${DESTDIR}/\"" -I/usr/local/include -L /usr/local/lib -O3 -Qunused-arguments'
CPP='gcc -E'
CPPFLAGS=' -I/usr/local/opt/llvm/include'
DEFS='-DHAVE_CONFIG_H'
DESTDIR='/usr/local'
ECHO_C='\c'
ECHO_N=''
ECHO_T=''
EGREP='/usr/bin/grep -E'
EXEEXT=''
GREP='/usr/bin/grep'
INSTALL_DATA='${INSTALL} -m 644'
INSTALL_PROGRAM='${INSTALL}'
INSTALL_SCRIPT='${INSTALL}'
LDFLAGS=' -L/usr/local/opt/llvm/lib'
LIBOBJS=''
LIBS=' -ldl -lm -liconv -lpcre -lpthread'
LTLIBOBJS=''
NCC='neo-c'
OBJEXT='o'
OS='DARWIN'
PACKAGE_BUGREPORT=''
PACKAGE_NAME=''
PACKAGE_STRING=''
PACKAGE_TARNAME=''
PACKAGE_URL=''
PACKAGE_VERSION=''
PATH_SEPARATOR=':'
SHELL='/bin/sh'
ac_ct_CC='gcc'
bindir='${exec_prefix}/bin'
build_alias=''
datadir='${datarootdir}'
datarootdir='${prefix}/share'
docdir='${datarootdir}/doc/${PACKAGE}'
dvidir='${docdir}'
exec_prefix='${prefix}'
host_alias=''
htmldir='${docdir}'
includedir='${prefix}/include'
infodir='${datarootdir}/info'
libdir='${exec_prefix}/lib'
libexecdir='${exec_prefix}/libexec'
localedir='${datarootdir}/locale'
localstatedir='${prefix}/var'
mandir='${datarootdir}/man'
oldincludedir='/usr/include'
pdfdir='${docdir}'
prefix='/usr/local'
program_transform_name='s,x,x,'
psdir='${docdir}'
runstatedir='${localstatedir}/run'
sbindir='${exec_prefix}/sbin'
sharedstatedir='${prefix}/com'
sysconfdir='${prefix}/etc'
target_alias=''

## ----------- ##
## confdefs.h. ##
## ----------- ##

/* confdefs.h */
#define PACKAGE_NAME ""
#define PACKAGE_TARNAME ""
#define PACKAGE_VERSION ""
#define PACKAGE_STRING ""
#define PACKAGE_BUGREPORT ""
#define PACKAGE_URL ""
#define STDC_HEADERS 1
#define HAVE_SYS_TYPES_H 1
#define HAVE_SYS_STAT_H 1
#define HAVE_STDLIB_H 1
#define HAVE_STRING_H 1
#define HAVE_MEMORY_H 1
#define HAVE_STRINGS_H 1
#define HAVE_INTTYPES_H 1
#define HAVE_STDINT_H 1
#define HAVE_UNISTD_H 1
#define __64BIT_CPU__ 1
#define __DARWIN__ 1
#define HAVE_MATH_H 1
#define HAVE_ICONV_H 1
#define HAVE_PCRE_H 1
#define HAVE_NCURSESW_H 1
#define HAVE_PTHREAD_H 1
#define HAVE_LCHMOD 1

configure: exit 0
