This file contains any messages produced by compilers while
running configure, to aid debugging if configure makes a mistake.

It was created by configure, which was
generated by GNU Autoconf 2.69.  Invocation command line was

  $ ./configure --prefix=/data/data/com.termux/files/home

## --------- ##
## Platform. ##
## --------- ##

hostname = localhost
uname -m = aarch64
uname -r = 4.4.78-perf+
uname -s = Linux
uname -v = #1 SMP PREEMPT Mon Mar 18 14:54:20 EDT 2019

/usr/bin/uname -p = unknown
/bin/uname -X     = unknown

/bin/arch              = unknown
/usr/bin/arch -k       = unknown
/usr/convex/getsysinfo = unknown
/usr/bin/hostinfo      = unknown
/bin/machine           = unknown
/usr/bin/oslevel       = unknown
/bin/universe          = unknown

PATH: /data/data/com.termux/files/home/bin
PATH: /data/data/com.termux/files/home/bin
PATH: /data/data/com.termux/files/usr/bin
PATH: /data/data/com.termux/files/usr/bin/applets


## ----------- ##
## Core tests. ##
## ----------- ##

configure:2143: checking for gcc
configure:2159: found /data/data/com.termux/files/usr/bin/gcc
configure:2170: result: gcc
configure:2399: checking for C compiler version
configure:2408: gcc --version >&5
clang version 8.0.1 (tags/RELEASE_801/final)
Target: aarch64-unknown-linux-android
Thread model: posix
InstalledDir: /data/data/com.termux/files/usr/bin
configure:2419: $? = 0
configure:2408: gcc -v >&5
clang version 8.0.1 (tags/RELEASE_801/final)
Target: aarch64-unknown-linux-android
Thread model: posix
InstalledDir: /data/data/com.termux/files/usr/bin
configure:2419: $? = 0
configure:2408: gcc -V >&5
clang-8: error: argument to '-V' is missing (expected 1 value)
clang-8: error: no input files
configure:2419: $? = 1
configure:2408: gcc -qversion >&5
clang-8: error: unknown argument '-qversion', did you mean '--version'?
clang-8: error: no input files
configure:2419: $? = 1
configure:2439: checking whether the C compiler works
configure:2461: gcc    conftest.c  >&5
configure:2465: $? = 0
configure:2513: result: yes
configure:2516: checking for C compiler default output file name
configure:2518: result: a.out
configure:2524: checking for suffix of executables
configure:2531: gcc -o conftest    conftest.c  >&5
configure:2535: $? = 0
configure:2557: result: 
configure:2579: checking whether we are cross compiling
configure:2587: gcc -o conftest    conftest.c  >&5
configure:2591: $? = 0
configure:2598: ./conftest
configure:2602: $? = 0
configure:2617: result: no
configure:2622: checking for suffix of object files
configure:2644: gcc -c   conftest.c >&5
configure:2648: $? = 0
configure:2669: result: o
configure:2673: checking whether we are using the GNU C compiler
configure:2692: gcc -c   conftest.c >&5
configure:2692: $? = 0
configure:2701: result: yes
configure:2710: checking whether gcc accepts -g
configure:2730: gcc -c -g  conftest.c >&5
configure:2730: $? = 0
configure:2771: result: yes
configure:2788: checking for gcc option to accept ISO C89
configure:2851: gcc  -c -g -O2  conftest.c >&5
configure:2851: $? = 0
configure:2864: result: none needed
configure:2927: checking for a BSD-compatible install
configure:2995: result: /data/data/com.termux/files/usr/bin/install -c
configure:3012: checking how to run the C preprocessor
configure:3043: gcc -E  conftest.c
configure:3043: $? = 0
configure:3057: gcc -E  conftest.c
conftest.c:9:10: fatal error: 'ac_nonexistent.h' file not found
#include <ac_nonexistent.h>
         ^~~~~~~~~~~~~~~~~~
1 error generated.
configure:3057: $? = 1
configure: failed program was:
| /* confdefs.h */
| #define PACKAGE_NAME ""
| #define PACKAGE_TARNAME ""
| #define PACKAGE_VERSION ""
| #define PACKAGE_STRING ""
| #define PACKAGE_BUGREPORT ""
| #define PACKAGE_URL ""
| /* end confdefs.h.  */
| #include <ac_nonexistent.h>
configure:3082: result: gcc -E
configure:3102: gcc -E  conftest.c
configure:3102: $? = 0
configure:3116: gcc -E  conftest.c
conftest.c:9:10: fatal error: 'ac_nonexistent.h' file not found
#include <ac_nonexistent.h>
         ^~~~~~~~~~~~~~~~~~
1 error generated.
configure:3116: $? = 1
configure: failed program was:
| /* confdefs.h */
| #define PACKAGE_NAME ""
| #define PACKAGE_TARNAME ""
| #define PACKAGE_VERSION ""
| #define PACKAGE_STRING ""
| #define PACKAGE_BUGREPORT ""
| #define PACKAGE_URL ""
| /* end confdefs.h.  */
| #include <ac_nonexistent.h>
configure:3145: checking for grep that handles long lines and -e
configure:3203: result: /data/data/com.termux/files/usr/bin/grep
configure:3208: checking for egrep
configure:3270: result: /data/data/com.termux/files/usr/bin/grep -E
configure:3275: checking for ANSI C header files
configure:3295: gcc -c -g -O2  conftest.c >&5
configure:3295: $? = 0
configure:3368: gcc -o conftest -g -O2   conftest.c  >&5
configure:3368: $? = 0
configure:3368: ./conftest
configure:3368: $? = 0
configure:3379: result: yes
configure:3392: checking for sys/types.h
configure:3392: gcc -c -g -O2  conftest.c >&5
configure:3392: $? = 0
configure:3392: result: yes
configure:3392: checking for sys/stat.h
configure:3392: gcc -c -g -O2  conftest.c >&5
configure:3392: $? = 0
configure:3392: result: yes
configure:3392: checking for stdlib.h
configure:3392: gcc -c -g -O2  conftest.c >&5
configure:3392: $? = 0
configure:3392: result: yes
configure:3392: checking for string.h
configure:3392: gcc -c -g -O2  conftest.c >&5
configure:3392: $? = 0
configure:3392: result: yes
configure:3392: checking for memory.h
configure:3392: gcc -c -g -O2  conftest.c >&5
configure:3392: $? = 0
configure:3392: result: yes
configure:3392: checking for strings.h
configure:3392: gcc -c -g -O2  conftest.c >&5
configure:3392: $? = 0
configure:3392: result: yes
configure:3392: checking for inttypes.h
configure:3392: gcc -c -g -O2  conftest.c >&5
configure:3392: $? = 0
configure:3392: result: yes
configure:3392: checking for stdint.h
configure:3392: gcc -c -g -O2  conftest.c >&5
configure:3392: $? = 0
configure:3392: result: yes
configure:3392: checking for unistd.h
configure:3392: gcc -c -g -O2  conftest.c >&5
configure:3392: $? = 0
configure:3392: result: yes
configure:3404: checking whether byte ordering is bigendian
configure:3419: gcc -c -g -O2  conftest.c >&5
conftest.c:20:9: error: unknown type name 'not'
               not a universal capable compiler
               ^
conftest.c:20:14: error: expected ';' after top level declarator
               not a universal capable compiler
                    ^
                    ;
2 errors generated.
configure:3419: $? = 1
configure: failed program was:
| /* confdefs.h */
| #define PACKAGE_NAME ""
| #define PACKAGE_TARNAME ""
| #define PACKAGE_VERSION ""
| #define PACKAGE_STRING ""
| #define PACKAGE_BUGREPORT ""
| #define PACKAGE_URL ""
| #define STDC_HEADERS 1
| #define HAVE_SYS_TYPES_H 1
| #define HAVE_SYS_STAT_H 1
| #define HAVE_STDLIB_H 1
| #define HAVE_STRING_H 1
| #define HAVE_MEMORY_H 1
| #define HAVE_STRINGS_H 1
| #define HAVE_INTTYPES_H 1
| #define HAVE_STDINT_H 1
| #define HAVE_UNISTD_H 1
| /* end confdefs.h.  */
| #ifndef __APPLE_CC__
| 	       not a universal capable compiler
| 	     #endif
| 	     typedef int dummy;
| 
configure:3464: gcc -c -g -O2  conftest.c >&5
configure:3464: $? = 0
configure:3482: gcc -c -g -O2  conftest.c >&5
conftest.c:26:4: error: use of undeclared identifier 'not'
                 not big endian
                 ^
1 error generated.
configure:3482: $? = 1
configure: failed program was:
| /* confdefs.h */
| #define PACKAGE_NAME ""
| #define PACKAGE_TARNAME ""
| #define PACKAGE_VERSION ""
| #define PACKAGE_STRING ""
| #define PACKAGE_BUGREPORT ""
| #define PACKAGE_URL ""
| #define STDC_HEADERS 1
| #define HAVE_SYS_TYPES_H 1
| #define HAVE_SYS_STAT_H 1
| #define HAVE_STDLIB_H 1
| #define HAVE_STRING_H 1
| #define HAVE_MEMORY_H 1
| #define HAVE_STRINGS_H 1
| #define HAVE_INTTYPES_H 1
| #define HAVE_STDINT_H 1
| #define HAVE_UNISTD_H 1
| /* end confdefs.h.  */
| #include <sys/types.h>
| 		#include <sys/param.h>
| 
| int
| main ()
| {
| #if BYTE_ORDER != BIG_ENDIAN
| 		 not big endian
| 		#endif
| 
|   ;
|   return 0;
| }
configure:3610: result: no
configure:3660: checking CPU type
configure:3729: checking Operating System
configure:3770: checking for main in -lutil
configure:3789: gcc -o conftest -Isrc/ -I. -L . -I/data/data/com.termux/files/home/include -L/data/data/com.termux/files/home/lib -DPREFIX="\"${DESTDIR}/\""   conftest.c -lutil   >&5
/data/data/com.termux/files/usr/bin/aarch64-linux-android-ld: cannot find -lutil
clang-8: error: linker command failed with exit code 1 (use -v to see invocation)
configure:3789: $? = 1
configure: failed program was:
| /* confdefs.h */
| #define PACKAGE_NAME ""
| #define PACKAGE_TARNAME ""
| #define PACKAGE_VERSION ""
| #define PACKAGE_STRING ""
| #define PACKAGE_BUGREPORT ""
| #define PACKAGE_URL ""
| #define STDC_HEADERS 1
| #define HAVE_SYS_TYPES_H 1
| #define HAVE_SYS_STAT_H 1
| #define HAVE_STDLIB_H 1
| #define HAVE_STRING_H 1
| #define HAVE_MEMORY_H 1
| #define HAVE_STRINGS_H 1
| #define HAVE_INTTYPES_H 1
| #define HAVE_STDINT_H 1
| #define HAVE_UNISTD_H 1
| #define __32BIT_CPU__ 1
| #define __LINUX__ 1
| /* end confdefs.h.  */
| 
| 
| int
| main ()
| {
| return main ();
|   ;
|   return 0;
| }
configure:3798: result: no
configure:3863: checking for main in -ldl
configure:3882: gcc -o conftest -Isrc/ -I. -L . -I/data/data/com.termux/files/home/include -L/data/data/com.termux/files/home/lib -DPREFIX="\"${DESTDIR}/\""   conftest.c -ldl   >&5
configure:3882: $? = 0
configure:3891: result: yes
configure:3902: checking math.h usability
configure:3902: gcc -c -Isrc/ -I. -L . -I/data/data/com.termux/files/home/include -L/data/data/com.termux/files/home/lib -DPREFIX="\"${DESTDIR}/\""  conftest.c >&5
clang-8: warning: argument unused during compilation: '-L.' [-Wunused-command-line-argument]
clang-8: warning: argument unused during compilation: '-L/data/data/com.termux/files/home/lib' [-Wunused-command-line-argument]
configure:3902: $? = 0
configure:3902: result: yes
configure:3902: checking math.h presence
configure:3902: gcc -E  conftest.c
configure:3902: $? = 0
configure:3902: result: yes
configure:3902: checking for math.h
configure:3902: result: yes
configure:3909: checking for main in -lm
configure:3928: gcc -o conftest -Isrc/ -I. -L . -I/data/data/com.termux/files/home/include -L/data/data/com.termux/files/home/lib -DPREFIX="\"${DESTDIR}/\""   conftest.c -lm   -ldl >&5
configure:3928: $? = 0
configure:3937: result: yes
configure:3944: checking iconv.h usability
configure:3944: gcc -c -Isrc/ -I. -L . -I/data/data/com.termux/files/home/include -L/data/data/com.termux/files/home/lib -DPREFIX="\"${DESTDIR}/\""  conftest.c >&5
clang-8: warning: argument unused during compilation: '-L.' [-Wunused-command-line-argument]
clang-8: warning: argument unused during compilation: '-L/data/data/com.termux/files/home/lib' [-Wunused-command-line-argument]
configure:3944: $? = 0
configure:3944: result: yes
configure:3944: checking iconv.h presence
configure:3944: gcc -E  conftest.c
configure:3944: $? = 0
configure:3944: result: yes
configure:3944: checking for iconv.h
configure:3944: result: yes
configure:3957: checking pcre.h usability
configure:3957: gcc -c -Isrc/ -I. -L . -I/data/data/com.termux/files/home/include -L/data/data/com.termux/files/home/lib -DPREFIX="\"${DESTDIR}/\""  conftest.c >&5
clang-8: warning: argument unused during compilation: '-L.' [-Wunused-command-line-argument]
clang-8: warning: argument unused during compilation: '-L/data/data/com.termux/files/home/lib' [-Wunused-command-line-argument]
configure:3957: $? = 0
configure:3957: result: yes
configure:3957: checking pcre.h presence
configure:3957: gcc -E  conftest.c
configure:3957: $? = 0
configure:3957: result: yes
configure:3957: checking for pcre.h
configure:3957: result: yes
configure:3964: checking for main in -lpcre
configure:3983: gcc -o conftest -Isrc/ -I. -L . -I/data/data/com.termux/files/home/include -L/data/data/com.termux/files/home/lib -DPREFIX="\"${DESTDIR}/\""   conftest.c -lpcre   -ldl -lm >&5
configure:3983: $? = 0
configure:3992: result: yes
configure:4001: checking ncurses.h usability
configure:4001: gcc -c -Isrc/ -I. -L . -I/data/data/com.termux/files/home/include -L/data/data/com.termux/files/home/lib -DPREFIX="\"${DESTDIR}/\""  conftest.c >&5
clang-8: warning: argument unused during compilation: '-L.' [-Wunused-command-line-argument]
clang-8: warning: argument unused during compilation: '-L/data/data/com.termux/files/home/lib' [-Wunused-command-line-argument]
configure:4001: $? = 0
configure:4001: result: yes
configure:4001: checking ncurses.h presence
configure:4001: gcc -E  conftest.c
configure:4001: $? = 0
configure:4001: result: yes
configure:4001: checking for ncurses.h
configure:4001: result: yes
configure:4008: checking for main in -lncursesw
configure:4027: gcc -o conftest -Isrc/ -I. -L . -I/data/data/com.termux/files/home/include -L/data/data/com.termux/files/home/lib -DPREFIX="\"${DESTDIR}/\""   conftest.c -lncursesw   -ldl -lm -lpcre >&5
configure:4027: $? = 0
configure:4036: result: yes
configure:4044: checking for main in -lrt
configure:4063: gcc -o conftest -Isrc/ -I. -L . -I/data/data/com.termux/files/home/include -L/data/data/com.termux/files/home/lib -DPREFIX="\"${DESTDIR}/\""   conftest.c -lrt   -ldl -lm -lpcre -lncursesw >&5
configure:4063: $? = 0
configure:4072: result: yes
configure:4103: checking for lchmod
configure:4103: gcc -o conftest -Isrc/ -I. -L . -I/data/data/com.termux/files/home/include -L/data/data/com.termux/files/home/lib -DPREFIX="\"${DESTDIR}/\"" -Qunused-arguments   conftest.c  -ldl -lm -lpcre -lncursesw -lrt >&5
/data/data/com.termux/files/usr/bin/aarch64-linux-android-ld: /data/data/com.termux/files/usr/tmp/conftest-97cef3.o: in function `main':
conftest.c:(.text+0xc): undefined reference to `lchmod'
/data/data/com.termux/files/usr/bin/aarch64-linux-android-ld: conftest.c:(.text+0x10): undefined reference to `lchmod'
clang-8: error: linker command failed with exit code 1 (use -v to see invocation)
configure:4103: $? = 1
configure: failed program was:
| /* confdefs.h */
| #define PACKAGE_NAME ""
| #define PACKAGE_TARNAME ""
| #define PACKAGE_VERSION ""
| #define PACKAGE_STRING ""
| #define PACKAGE_BUGREPORT ""
| #define PACKAGE_URL ""
| #define STDC_HEADERS 1
| #define HAVE_SYS_TYPES_H 1
| #define HAVE_SYS_STAT_H 1
| #define HAVE_STDLIB_H 1
| #define HAVE_STRING_H 1
| #define HAVE_MEMORY_H 1
| #define HAVE_STRINGS_H 1
| #define HAVE_INTTYPES_H 1
| #define HAVE_STDINT_H 1
| #define HAVE_UNISTD_H 1
| #define __32BIT_CPU__ 1
| #define __LINUX__ 1
| #define HAVE_MATH_H 1
| #define HAVE_ICONV_H 1
| #define HAVE_PCRE_H 1
| #define HAVE_NCURSESW_H 1
| /* end confdefs.h.  */
| /* Define lchmod to an innocuous variant, in case <limits.h> declares lchmod.
|    For example, HP-UX 11i <limits.h> declares gettimeofday.  */
| #define lchmod innocuous_lchmod
| 
| /* System header to define __stub macros and hopefully few prototypes,
|     which can conflict with char lchmod (); below.
|     Prefer <limits.h> to <assert.h> if __STDC__ is defined, since
|     <limits.h> exists even on freestanding compilers.  */
| 
| #ifdef __STDC__
| # include <limits.h>
| #else
| # include <assert.h>
| #endif
| 
| #undef lchmod
| 
| /* Override any GCC internal prototype to avoid an error.
|    Use char because int might match the return type of a GCC
|    builtin and then its argument prototype would still apply.  */
| #ifdef __cplusplus
| extern "C"
| #endif
| char lchmod ();
| /* The GNU C library defines this for functions which it implements
|     to always fail with ENOSYS.  Some functions are actually named
|     something starting with __ and the normal name is an alias.  */
| #if defined __stub_lchmod || defined __stub___lchmod
| choke me
| #endif
| 
| int
| main ()
| {
| return lchmod ();
|   ;
|   return 0;
| }
configure:4103: result: no
configure:4114: checking for execvpe
configure:4114: gcc -o conftest -Isrc/ -I. -L . -I/data/data/com.termux/files/home/include -L/data/data/com.termux/files/home/lib -DPREFIX="\"${DESTDIR}/\"" -Qunused-arguments   conftest.c  -ldl -lm -lpcre -lncursesw -lrt >&5
configure:4114: $? = 0
configure:4114: result: yes
configure:4243: creating ./config.status

## ---------------------- ##
## Running config.status. ##
## ---------------------- ##

This file was extended by config.status, which was
generated by GNU Autoconf 2.69.  Invocation command line was

  CONFIG_FILES    = 
  CONFIG_HEADERS  = 
  CONFIG_LINKS    = 
  CONFIG_COMMANDS = 
  $ ./config.status 

on localhost

config.status:811: creating Makefile
config.status:811: creating config.h

## ---------------- ##
## Cache variables. ##
## ---------------- ##

ac_cv_c_bigendian='no'
ac_cv_c_compiler_gnu='yes'
ac_cv_env_CC_set=''
ac_cv_env_CC_value=''
ac_cv_env_CFLAGS_set=''
ac_cv_env_CFLAGS_value=''
ac_cv_env_CPPFLAGS_set=''
ac_cv_env_CPPFLAGS_value=''
ac_cv_env_CPP_set=''
ac_cv_env_CPP_value=''
ac_cv_env_LDFLAGS_set=''
ac_cv_env_LDFLAGS_value=''
ac_cv_env_LIBS_set=''
ac_cv_env_LIBS_value=''
ac_cv_env_build_alias_set=''
ac_cv_env_build_alias_value=''
ac_cv_env_host_alias_set=''
ac_cv_env_host_alias_value=''
ac_cv_env_target_alias_set=''
ac_cv_env_target_alias_value=''
ac_cv_func_execvpe='yes'
ac_cv_func_lchmod='no'
ac_cv_header_iconv_h='yes'
ac_cv_header_inttypes_h='yes'
ac_cv_header_math_h='yes'
ac_cv_header_memory_h='yes'
ac_cv_header_ncurses_h='yes'
ac_cv_header_pcre_h='yes'
ac_cv_header_stdc='yes'
ac_cv_header_stdint_h='yes'
ac_cv_header_stdlib_h='yes'
ac_cv_header_string_h='yes'
ac_cv_header_strings_h='yes'
ac_cv_header_sys_stat_h='yes'
ac_cv_header_sys_types_h='yes'
ac_cv_header_unistd_h='yes'
ac_cv_lib_dl='ac_cv_lib_dl_main'
ac_cv_lib_dl_main='yes'
ac_cv_lib_m='ac_cv_lib_m_main'
ac_cv_lib_m_main='yes'
ac_cv_lib_ncursesw='ac_cv_lib_ncursesw_main'
ac_cv_lib_ncursesw_main='yes'
ac_cv_lib_pcre='ac_cv_lib_pcre_main'
ac_cv_lib_pcre_main='yes'
ac_cv_lib_rt='ac_cv_lib_rt_main'
ac_cv_lib_rt_main='yes'
ac_cv_lib_util='ac_cv_lib_util_main'
ac_cv_lib_util_main='no'
ac_cv_objext='o'
ac_cv_path_EGREP='/data/data/com.termux/files/usr/bin/grep -E'
ac_cv_path_GREP='/data/data/com.termux/files/usr/bin/grep'
ac_cv_path_install='/data/data/com.termux/files/usr/bin/install -c'
ac_cv_prog_CPP='gcc -E'
ac_cv_prog_ac_ct_CC='gcc'
ac_cv_prog_cc_c89=''
ac_cv_prog_cc_g='yes'

## ----------------- ##
## Output variables. ##
## ----------------- ##

CC='gcc'
CFLAGS='-Isrc/ -I. -L . -I/data/data/com.termux/files/home/include -L/data/data/com.termux/files/home/lib -DPREFIX="\"${DESTDIR}/\"" -Qunused-arguments'
CPP='gcc -E'
CPPFLAGS=''
DEFS='-DHAVE_CONFIG_H'
DESTDIR='/data/data/com.termux/files/home'
ECHO_C=''
ECHO_N='-n'
ECHO_T=''
EGREP='/data/data/com.termux/files/usr/bin/grep -E'
EXEEXT=''
GREP='/data/data/com.termux/files/usr/bin/grep'
INSTALL_DATA='${INSTALL} -m 644'
INSTALL_PROGRAM='${INSTALL}'
INSTALL_SCRIPT='${INSTALL}'
LDFLAGS=''
LIBOBJS=''
LIBS=' -ldl -lm -lpcre -lncursesw -lrt'
LTLIBOBJS=''
NCC='neo-c'
OBJEXT='o'
OS='LINUX'
PACKAGE_BUGREPORT=''
PACKAGE_NAME=''
PACKAGE_STRING=''
PACKAGE_TARNAME=''
PACKAGE_URL=''
PACKAGE_VERSION=''
PATH_SEPARATOR=':'
SHELL='/data/data/com.termux/files/usr/bin/sh'
ac_ct_CC='gcc'
bindir='${exec_prefix}/bin'
build_alias=''
datadir='${datarootdir}'
datarootdir='${prefix}/share'
docdir='${datarootdir}/doc/${PACKAGE}'
dvidir='${docdir}'
exec_prefix='${prefix}'
host_alias=''
htmldir='${docdir}'
includedir='${prefix}/include'
infodir='${datarootdir}/info'
libdir='${exec_prefix}/lib'
libexecdir='${exec_prefix}/libexec'
localedir='${datarootdir}/locale'
localstatedir='${prefix}/var'
mandir='${datarootdir}/man'
oldincludedir='/usr/include'
pdfdir='${docdir}'
prefix='/data/data/com.termux/files/home'
program_transform_name='s,x,x,'
psdir='${docdir}'
sbindir='${exec_prefix}/sbin'
sharedstatedir='${prefix}/com'
sysconfdir='${prefix}/etc'
target_alias=''

## ----------- ##
## confdefs.h. ##
## ----------- ##

/* confdefs.h */
#define PACKAGE_NAME ""
#define PACKAGE_TARNAME ""
#define PACKAGE_VERSION ""
#define PACKAGE_STRING ""
#define PACKAGE_BUGREPORT ""
#define PACKAGE_URL ""
#define STDC_HEADERS 1
#define HAVE_SYS_TYPES_H 1
#define HAVE_SYS_STAT_H 1
#define HAVE_STDLIB_H 1
#define HAVE_STRING_H 1
#define HAVE_MEMORY_H 1
#define HAVE_STRINGS_H 1
#define HAVE_INTTYPES_H 1
#define HAVE_STDINT_H 1
#define HAVE_UNISTD_H 1
#define __32BIT_CPU__ 1
#define __LINUX__ 1
#define HAVE_MATH_H 1
#define HAVE_ICONV_H 1
#define HAVE_PCRE_H 1
#define HAVE_NCURSESW_H 1
#define HAVE_EXECVPE 1

configure: exit 0
