This file contains any messages produced by compilers while
running configure, to aid debugging if configure makes a mistake.

It was created by configure, which was
generated by GNU Autoconf 2.69.  Invocation command line was

  $ ./configure --with-optimize --prefix=/data/data/com.termux/files/home

## --------- ##
## Platform. ##
## --------- ##

hostname = localhost
uname -m = aarch64
uname -r = 4.9.117+
uname -s = Linux
uname -v = #6 SMP PREEMPT Fri May 24 10:03:08 CST 2019

/usr/bin/uname -p = unknown
/bin/uname -X     = unknown

/bin/arch              = unknown
/usr/bin/arch -k       = unknown
/usr/convex/getsysinfo = unknown
/usr/bin/hostinfo      = unknown
/bin/machine           = unknown
/usr/bin/oslevel       = unknown
/bin/universe          = unknown

PATH: /data/data/com.termux/files/home/.gem/bin
PATH: /data/data/com.termux/files/home/.rvm/bin/
PATH: /data/data/com.termux/files/home/bin
PATH: /data/data/com.termux/files/usr/bin
PATH: /data/data/com.termux/files/usr/bin/applets


## ----------- ##
## Core tests. ##
## ----------- ##

configure:2160: checking for gcc
configure:2176: found /data/data/com.termux/files/usr/bin/gcc
configure:2187: result: gcc
configure:2416: checking for C compiler version
configure:2425: gcc --version >&5
clang version 9.0.1 
Target: aarch64-unknown-linux-android
Thread model: posix
InstalledDir: /data/data/com.termux/files/usr/bin
configure:2436: $? = 0
configure:2425: gcc -v >&5
clang version 9.0.1 
Target: aarch64-unknown-linux-android
Thread model: posix
InstalledDir: /data/data/com.termux/files/usr/bin
configure:2436: $? = 0
configure:2425: gcc -V >&5
clang-9: error: argument to '-V' is missing (expected 1 value)
clang-9: error: no input files
configure:2436: $? = 1
configure:2425: gcc -qversion >&5
clang-9: error: unknown argument '-qversion'; did you mean '--version'?
clang-9: error: no input files
configure:2436: $? = 1
configure:2456: checking whether the C compiler works
configure:2478: gcc    conftest.c  >&5
configure:2482: $? = 0
configure:2530: result: yes
configure:2533: checking for C compiler default output file name
configure:2535: result: a.out
configure:2541: checking for suffix of executables
configure:2548: gcc -o conftest    conftest.c  >&5
configure:2552: $? = 0
configure:2574: result: 
configure:2596: checking whether we are cross compiling
configure:2604: gcc -o conftest    conftest.c  >&5
configure:2608: $? = 0
configure:2615: ./conftest
configure:2619: $? = 0
configure:2634: result: no
configure:2639: checking for suffix of object files
configure:2661: gcc -c   conftest.c >&5
configure:2665: $? = 0
configure:2686: result: o
configure:2690: checking whether we are using the GNU C compiler
configure:2709: gcc -c   conftest.c >&5
configure:2709: $? = 0
configure:2718: result: yes
configure:2727: checking whether gcc accepts -g
configure:2747: gcc -c -g  conftest.c >&5
configure:2747: $? = 0
configure:2788: result: yes
configure:2805: checking for gcc option to accept ISO C89
configure:2868: gcc  -c -g -O2  conftest.c >&5
configure:2868: $? = 0
configure:2881: result: none needed
configure:2944: checking for a BSD-compatible install
configure:3012: result: /data/data/com.termux/files/usr/bin/install -c
configure:3029: checking how to run the C preprocessor
configure:3060: gcc -E  conftest.c
configure:3060: $? = 0
configure:3074: gcc -E  conftest.c
conftest.c:9:10: fatal error: 'ac_nonexistent.h' file not found
#include <ac_nonexistent.h>
         ^~~~~~~~~~~~~~~~~~
1 error generated.
configure:3074: $? = 1
configure: failed program was:
| /* confdefs.h */
| #define PACKAGE_NAME ""
| #define PACKAGE_TARNAME ""
| #define PACKAGE_VERSION ""
| #define PACKAGE_STRING ""
| #define PACKAGE_BUGREPORT ""
| #define PACKAGE_URL ""
| /* end confdefs.h.  */
| #include <ac_nonexistent.h>
configure:3099: result: gcc -E
configure:3119: gcc -E  conftest.c
configure:3119: $? = 0
configure:3133: gcc -E  conftest.c
conftest.c:9:10: fatal error: 'ac_nonexistent.h' file not found
#include <ac_nonexistent.h>
         ^~~~~~~~~~~~~~~~~~
1 error generated.
configure:3133: $? = 1
configure: failed program was:
| /* confdefs.h */
| #define PACKAGE_NAME ""
| #define PACKAGE_TARNAME ""
| #define PACKAGE_VERSION ""
| #define PACKAGE_STRING ""
| #define PACKAGE_BUGREPORT ""
| #define PACKAGE_URL ""
| /* end confdefs.h.  */
| #include <ac_nonexistent.h>
configure:3162: checking for grep that handles long lines and -e
configure:3220: result: /data/data/com.termux/files/usr/bin/grep
configure:3225: checking for egrep
configure:3287: result: /data/data/com.termux/files/usr/bin/grep -E
configure:3292: checking for ANSI C header files
configure:3312: gcc -c -g -O2  conftest.c >&5
configure:3312: $? = 0
configure:3385: gcc -o conftest -g -O2   conftest.c  >&5
configure:3385: $? = 0
configure:3385: ./conftest
configure:3385: $? = 0
configure:3396: result: yes
configure:3409: checking for sys/types.h
configure:3409: gcc -c -g -O2  conftest.c >&5
configure:3409: $? = 0
configure:3409: result: yes
configure:3409: checking for sys/stat.h
configure:3409: gcc -c -g -O2  conftest.c >&5
configure:3409: $? = 0
configure:3409: result: yes
configure:3409: checking for stdlib.h
configure:3409: gcc -c -g -O2  conftest.c >&5
configure:3409: $? = 0
configure:3409: result: yes
configure:3409: checking for string.h
configure:3409: gcc -c -g -O2  conftest.c >&5
configure:3409: $? = 0
configure:3409: result: yes
configure:3409: checking for memory.h
configure:3409: gcc -c -g -O2  conftest.c >&5
configure:3409: $? = 0
configure:3409: result: yes
configure:3409: checking for strings.h
configure:3409: gcc -c -g -O2  conftest.c >&5
configure:3409: $? = 0
configure:3409: result: yes
configure:3409: checking for inttypes.h
configure:3409: gcc -c -g -O2  conftest.c >&5
configure:3409: $? = 0
configure:3409: result: yes
configure:3409: checking for stdint.h
configure:3409: gcc -c -g -O2  conftest.c >&5
configure:3409: $? = 0
configure:3409: result: yes
configure:3409: checking for unistd.h
configure:3409: gcc -c -g -O2  conftest.c >&5
configure:3409: $? = 0
configure:3409: result: yes
configure:3421: checking whether byte ordering is bigendian
configure:3436: gcc -c -g -O2  conftest.c >&5
conftest.c:20:9: error: unknown type name 'not'
               not a universal capable compiler
               ^
conftest.c:20:14: error: expected ';' after top level declarator
               not a universal capable compiler
                    ^
                    ;
2 errors generated.
configure:3436: $? = 1
configure: failed program was:
| /* confdefs.h */
| #define PACKAGE_NAME ""
| #define PACKAGE_TARNAME ""
| #define PACKAGE_VERSION ""
| #define PACKAGE_STRING ""
| #define PACKAGE_BUGREPORT ""
| #define PACKAGE_URL ""
| #define STDC_HEADERS 1
| #define HAVE_SYS_TYPES_H 1
| #define HAVE_SYS_STAT_H 1
| #define HAVE_STDLIB_H 1
| #define HAVE_STRING_H 1
| #define HAVE_MEMORY_H 1
| #define HAVE_STRINGS_H 1
| #define HAVE_INTTYPES_H 1
| #define HAVE_STDINT_H 1
| #define HAVE_UNISTD_H 1
| /* end confdefs.h.  */
| #ifndef __APPLE_CC__
| 	       not a universal capable compiler
| 	     #endif
| 	     typedef int dummy;
| 
configure:3481: gcc -c -g -O2  conftest.c >&5
configure:3481: $? = 0
configure:3499: gcc -c -g -O2  conftest.c >&5
conftest.c:26:4: error: use of undeclared identifier 'not'
                 not big endian
                 ^
1 error generated.
configure:3499: $? = 1
configure: failed program was:
| /* confdefs.h */
| #define PACKAGE_NAME ""
| #define PACKAGE_TARNAME ""
| #define PACKAGE_VERSION ""
| #define PACKAGE_STRING ""
| #define PACKAGE_BUGREPORT ""
| #define PACKAGE_URL ""
| #define STDC_HEADERS 1
| #define HAVE_SYS_TYPES_H 1
| #define HAVE_SYS_STAT_H 1
| #define HAVE_STDLIB_H 1
| #define HAVE_STRING_H 1
| #define HAVE_MEMORY_H 1
| #define HAVE_STRINGS_H 1
| #define HAVE_INTTYPES_H 1
| #define HAVE_STDINT_H 1
| #define HAVE_UNISTD_H 1
| /* end confdefs.h.  */
| #include <sys/types.h>
| 		#include <sys/param.h>
| 
| int
| main ()
| {
| #if BYTE_ORDER != BIG_ENDIAN
| 		 not big endian
| 		#endif
| 
|   ;
|   return 0;
| }
configure:3627: result: no
configure:3685: checking CPU type
configure:3754: checking Operating System
configure:3811: checking for main in -lutil
configure:3830: gcc -o conftest -Isrc/ -I. -L . -I/data/data/com.termux/files/home/include -L/data/data/com.termux/files/home/lib -fPIC -rdynamic -DPREFIX="\"${DESTDIR}/\""   conftest.c -lutil   >&5
configure:3830: $? = 0
configure:3839: result: yes
configure:3914: checking ncurses.h usability
configure:3914: gcc -c -Isrc/ -I. -L . -I/data/data/com.termux/files/home/include -L/data/data/com.termux/files/home/lib -fPIC -rdynamic -DPREFIX="\"${DESTDIR}/\"" -O2  conftest.c >&5
clang-9: warning: argument unused during compilation: '-L.' [-Wunused-command-line-argument]
clang-9: warning: argument unused during compilation: '-L/data/data/com.termux/files/home/lib' [-Wunused-command-line-argument]
clang-9: warning: argument unused during compilation: '-rdynamic' [-Wunused-command-line-argument]
configure:3914: $? = 0
configure:3914: result: yes
configure:3914: checking ncurses.h presence
configure:3914: gcc -E  conftest.c
configure:3914: $? = 0
configure:3914: result: yes
configure:3914: checking for ncurses.h
configure:3914: result: yes
configure:3921: checking for main in -lncursesw
configure:3940: gcc -o conftest -Isrc/ -I. -L . -I/data/data/com.termux/files/home/include -L/data/data/com.termux/files/home/lib -fPIC -rdynamic -DPREFIX="\"${DESTDIR}/\"" -O2   conftest.c -lncursesw   -lutil >&5
configure:3940: $? = 0
configure:3949: result: yes
configure:3957: checking readline/readline.h usability
configure:3957: gcc -c -Isrc/ -I. -L . -I/data/data/com.termux/files/home/include -L/data/data/com.termux/files/home/lib -fPIC -rdynamic -DPREFIX="\"${DESTDIR}/\"" -O2  conftest.c >&5
clang-9: warning: argument unused during compilation: '-L.' [-Wunused-command-line-argument]
clang-9: warning: argument unused during compilation: '-L/data/data/com.termux/files/home/lib' [-Wunused-command-line-argument]
clang-9: warning: argument unused during compilation: '-rdynamic' [-Wunused-command-line-argument]
configure:3957: $? = 0
configure:3957: result: yes
configure:3957: checking readline/readline.h presence
configure:3957: gcc -E  conftest.c
configure:3957: $? = 0
configure:3957: result: yes
configure:3957: checking for readline/readline.h
configure:3957: result: yes
configure:3964: checking for main in -lreadline
configure:3983: gcc -o conftest -Isrc/ -I. -L . -I/data/data/com.termux/files/home/include -L/data/data/com.termux/files/home/lib -fPIC -rdynamic -DPREFIX="\"${DESTDIR}/\"" -O2   conftest.c -lreadline   -lutil -lncursesw >&5
configure:3983: $? = 0
configure:3992: result: yes
configure:4000: checking bsd/stdlib.h usability
configure:4000: gcc -c -Isrc/ -I. -L . -I/data/data/com.termux/files/home/include -L/data/data/com.termux/files/home/lib -fPIC -rdynamic -DPREFIX="\"${DESTDIR}/\"" -O2  conftest.c >&5
clang-9: warning: argument unused during compilation: '-L.' [-Wunused-command-line-argument]
clang-9: warning: argument unused during compilation: '-L/data/data/com.termux/files/home/lib' [-Wunused-command-line-argument]
clang-9: warning: argument unused during compilation: '-rdynamic' [-Wunused-command-line-argument]
conftest.c:56:10: fatal error: 'bsd/stdlib.h' file not found
#include <bsd/stdlib.h>
         ^~~~~~~~~~~~~~
1 error generated.
configure:4000: $? = 1
configure: failed program was:
| /* confdefs.h */
| #define PACKAGE_NAME ""
| #define PACKAGE_TARNAME ""
| #define PACKAGE_VERSION ""
| #define PACKAGE_STRING ""
| #define PACKAGE_BUGREPORT ""
| #define PACKAGE_URL ""
| #define STDC_HEADERS 1
| #define HAVE_SYS_TYPES_H 1
| #define HAVE_SYS_STAT_H 1
| #define HAVE_STDLIB_H 1
| #define HAVE_STRING_H 1
| #define HAVE_MEMORY_H 1
| #define HAVE_STRINGS_H 1
| #define HAVE_INTTYPES_H 1
| #define HAVE_STDINT_H 1
| #define HAVE_UNISTD_H 1
| #define __32BIT_CPU__ 1
| #define __LINUX__ 1
| #define HAVE_NCURSESW_H 1
| #define HAVE_READLINE_H 1
| /* end confdefs.h.  */
| #include <stdio.h>
| #ifdef HAVE_SYS_TYPES_H
| # include <sys/types.h>
| #endif
| #ifdef HAVE_SYS_STAT_H
| # include <sys/stat.h>
| #endif
| #ifdef STDC_HEADERS
| # include <stdlib.h>
| # include <stddef.h>
| #else
| # ifdef HAVE_STDLIB_H
| #  include <stdlib.h>
| # endif
| #endif
| #ifdef HAVE_STRING_H
| # if !defined STDC_HEADERS && defined HAVE_MEMORY_H
| #  include <memory.h>
| # endif
| # include <string.h>
| #endif
| #ifdef HAVE_STRINGS_H
| # include <strings.h>
| #endif
| #ifdef HAVE_INTTYPES_H
| # include <inttypes.h>
| #endif
| #ifdef HAVE_STDINT_H
| # include <stdint.h>
| #endif
| #ifdef HAVE_UNISTD_H
| # include <unistd.h>
| #endif
| #include <bsd/stdlib.h>
configure:4000: result: no
configure:4000: checking bsd/stdlib.h presence
configure:4000: gcc -E  conftest.c
conftest.c:23:10: fatal error: 'bsd/stdlib.h' file not found
#include <bsd/stdlib.h>
         ^~~~~~~~~~~~~~
1 error generated.
configure:4000: $? = 1
configure: failed program was:
| /* confdefs.h */
| #define PACKAGE_NAME ""
| #define PACKAGE_TARNAME ""
| #define PACKAGE_VERSION ""
| #define PACKAGE_STRING ""
| #define PACKAGE_BUGREPORT ""
| #define PACKAGE_URL ""
| #define STDC_HEADERS 1
| #define HAVE_SYS_TYPES_H 1
| #define HAVE_SYS_STAT_H 1
| #define HAVE_STDLIB_H 1
| #define HAVE_STRING_H 1
| #define HAVE_MEMORY_H 1
| #define HAVE_STRINGS_H 1
| #define HAVE_INTTYPES_H 1
| #define HAVE_STDINT_H 1
| #define HAVE_UNISTD_H 1
| #define __32BIT_CPU__ 1
| #define __LINUX__ 1
| #define HAVE_NCURSESW_H 1
| #define HAVE_READLINE_H 1
| /* end confdefs.h.  */
| #include <bsd/stdlib.h>
configure:4000: result: no
configure:4000: checking for bsd/stdlib.h
configure:4000: result: no
configure:4007: checking for main in -lbsd
configure:4026: gcc -o conftest -Isrc/ -I. -L . -I/data/data/com.termux/files/home/include -L/data/data/com.termux/files/home/lib -fPIC -rdynamic -DPREFIX="\"${DESTDIR}/\"" -O2   conftest.c -lbsd   -lutil -lncursesw -lreadline >&5
/data/data/com.termux/files/usr/bin/aarch64-linux-android-ld: cannot find -lbsd
clang-9: error: linker command failed with exit code 1 (use -v to see invocation)
configure:4026: $? = 1
configure: failed program was:
| /* confdefs.h */
| #define PACKAGE_NAME ""
| #define PACKAGE_TARNAME ""
| #define PACKAGE_VERSION ""
| #define PACKAGE_STRING ""
| #define PACKAGE_BUGREPORT ""
| #define PACKAGE_URL ""
| #define STDC_HEADERS 1
| #define HAVE_SYS_TYPES_H 1
| #define HAVE_SYS_STAT_H 1
| #define HAVE_STDLIB_H 1
| #define HAVE_STRING_H 1
| #define HAVE_MEMORY_H 1
| #define HAVE_STRINGS_H 1
| #define HAVE_INTTYPES_H 1
| #define HAVE_STDINT_H 1
| #define HAVE_UNISTD_H 1
| #define __32BIT_CPU__ 1
| #define __LINUX__ 1
| #define HAVE_NCURSESW_H 1
| #define HAVE_READLINE_H 1
| /* end confdefs.h.  */
| 
| 
| int
| main ()
| {
| return main ();
|   ;
|   return 0;
| }
configure:4035: result: no
configure:4045: checking for main in -ldl
configure:4064: gcc -o conftest -Isrc/ -I. -L . -I/data/data/com.termux/files/home/include -L/data/data/com.termux/files/home/lib -fPIC -rdynamic -DPREFIX="\"${DESTDIR}/\"" -O2   conftest.c -ldl   -lutil -lncursesw -lreadline >&5
configure:4064: $? = 0
configure:4073: result: yes
configure:4084: checking math.h usability
configure:4084: gcc -c -Isrc/ -I. -L . -I/data/data/com.termux/files/home/include -L/data/data/com.termux/files/home/lib -fPIC -rdynamic -DPREFIX="\"${DESTDIR}/\"" -O2  conftest.c >&5
clang-9: warning: argument unused during compilation: '-L.' [-Wunused-command-line-argument]
clang-9: warning: argument unused during compilation: '-L/data/data/com.termux/files/home/lib' [-Wunused-command-line-argument]
clang-9: warning: argument unused during compilation: '-rdynamic' [-Wunused-command-line-argument]
configure:4084: $? = 0
configure:4084: result: yes
configure:4084: checking math.h presence
configure:4084: gcc -E  conftest.c
configure:4084: $? = 0
configure:4084: result: yes
configure:4084: checking for math.h
configure:4084: result: yes
configure:4091: checking for main in -lm
configure:4110: gcc -o conftest -Isrc/ -I. -L . -I/data/data/com.termux/files/home/include -L/data/data/com.termux/files/home/lib -fPIC -rdynamic -DPREFIX="\"${DESTDIR}/\"" -O2   conftest.c -lm   -lutil -lncursesw -lreadline -ldl >&5
configure:4110: $? = 0
configure:4119: result: yes
configure:4126: checking iconv.h usability
configure:4126: gcc -c -Isrc/ -I. -L . -I/data/data/com.termux/files/home/include -L/data/data/com.termux/files/home/lib -fPIC -rdynamic -DPREFIX="\"${DESTDIR}/\"" -O2  conftest.c >&5
clang-9: warning: argument unused during compilation: '-L.' [-Wunused-command-line-argument]
clang-9: warning: argument unused during compilation: '-L/data/data/com.termux/files/home/lib' [-Wunused-command-line-argument]
clang-9: warning: argument unused during compilation: '-rdynamic' [-Wunused-command-line-argument]
configure:4126: $? = 0
configure:4126: result: yes
configure:4126: checking iconv.h presence
configure:4126: gcc -E  conftest.c
configure:4126: $? = 0
configure:4126: result: yes
configure:4126: checking for iconv.h
configure:4126: result: yes
configure:4134: checking pthread.h usability
configure:4134: gcc -c -Isrc/ -I. -L . -I/data/data/com.termux/files/home/include -L/data/data/com.termux/files/home/lib -fPIC -rdynamic -DPREFIX="\"${DESTDIR}/\"" -O2  conftest.c >&5
clang-9: warning: argument unused during compilation: '-L.' [-Wunused-command-line-argument]
clang-9: warning: argument unused during compilation: '-L/data/data/com.termux/files/home/lib' [-Wunused-command-line-argument]
clang-9: warning: argument unused during compilation: '-rdynamic' [-Wunused-command-line-argument]
configure:4134: $? = 0
configure:4134: result: yes
configure:4134: checking pthread.h presence
configure:4134: gcc -E  conftest.c
configure:4134: $? = 0
configure:4134: result: yes
configure:4134: checking for pthread.h
configure:4134: result: yes
configure:4143: checking for main in -lpthread
configure:4162: gcc -o conftest -Isrc/ -I. -L . -I/data/data/com.termux/files/home/include -L/data/data/com.termux/files/home/lib -fPIC -rdynamic -DPREFIX="\"${DESTDIR}/\"" -O2   conftest.c -lpthread   -lutil -lncursesw -lreadline -ldl -lm >&5
configure:4162: $? = 0
configure:4171: result: yes
configure:4187: checking pcre.h usability
configure:4187: gcc -c -Isrc/ -I. -L . -I/data/data/com.termux/files/home/include -L/data/data/com.termux/files/home/lib -fPIC -rdynamic -DPREFIX="\"${DESTDIR}/\"" -O2  conftest.c >&5
clang-9: warning: argument unused during compilation: '-L.' [-Wunused-command-line-argument]
clang-9: warning: argument unused during compilation: '-L/data/data/com.termux/files/home/lib' [-Wunused-command-line-argument]
clang-9: warning: argument unused during compilation: '-rdynamic' [-Wunused-command-line-argument]
configure:4187: $? = 0
configure:4187: result: yes
configure:4187: checking pcre.h presence
configure:4187: gcc -E  conftest.c
configure:4187: $? = 0
configure:4187: result: yes
configure:4187: checking for pcre.h
configure:4187: result: yes
configure:4194: checking for main in -lpcre
configure:4213: gcc -o conftest -Isrc/ -I. -L . -I/data/data/com.termux/files/home/include -L/data/data/com.termux/files/home/lib -fPIC -rdynamic -DPREFIX="\"${DESTDIR}/\"" -O2   conftest.c -lpcre   -lutil -lncursesw -lreadline -ldl -lm -lpthread >&5
configure:4213: $? = 0
configure:4222: result: yes
configure:4232: checking for readline/readline.h
configure:4232: result: yes
configure:4239: checking for main in -lreadline
configure:4267: result: yes
configure:4275: checking for main in -lrt
configure:4294: gcc -o conftest -Isrc/ -I. -L . -I/data/data/com.termux/files/home/include -L/data/data/com.termux/files/home/lib -fPIC -rdynamic -DPREFIX="\"${DESTDIR}/\"" -O2   conftest.c -lrt   -lutil -lncursesw -lreadline -ldl -lm -lpthread -lpcre -lreadline >&5
configure:4294: $? = 0
configure:4303: result: yes
configure:4332: checking for execvpe
configure:4332: neo-c -o conftest -Isrc/ -I. -L . -I/data/data/com.termux/files/home/include -L/data/data/com.termux/files/home/lib -fPIC -rdynamic -DPREFIX="\"${DESTDIR}/\"" -O2 -Qunused-arguments   conftest.c  -lutil -lncursesw -lreadline -ldl -lm -lpthread -lpcre -lreadline -lrt >&5
Require extention name
configure:4332: $? = 2
configure: failed program was:
| /* confdefs.h */
| #define PACKAGE_NAME ""
| #define PACKAGE_TARNAME ""
| #define PACKAGE_VERSION ""
| #define PACKAGE_STRING ""
| #define PACKAGE_BUGREPORT ""
| #define PACKAGE_URL ""
| #define STDC_HEADERS 1
| #define HAVE_SYS_TYPES_H 1
| #define HAVE_SYS_STAT_H 1
| #define HAVE_STDLIB_H 1
| #define HAVE_STRING_H 1
| #define HAVE_MEMORY_H 1
| #define HAVE_STRINGS_H 1
| #define HAVE_INTTYPES_H 1
| #define HAVE_STDINT_H 1
| #define HAVE_UNISTD_H 1
| #define __32BIT_CPU__ 1
| #define __LINUX__ 1
| #define HAVE_NCURSESW_H 1
| #define HAVE_READLINE_H 1
| #define HAVE_MATH_H 1
| #define HAVE_ICONV_H 1
| #define HAVE_PTHREAD_H 1
| #define HAVE_PCRE_H 1
| #define HAVE_READLINE_H 1
| /* end confdefs.h.  */
| /* Define execvpe to an innocuous variant, in case <limits.h> declares execvpe.
|    For example, HP-UX 11i <limits.h> declares gettimeofday.  */
| #define execvpe innocuous_execvpe
| 
| /* System header to define __stub macros and hopefully few prototypes,
|     which can conflict with char execvpe (); below.
|     Prefer <limits.h> to <assert.h> if __STDC__ is defined, since
|     <limits.h> exists even on freestanding compilers.  */
| 
| #ifdef __STDC__
| # include <limits.h>
| #else
| # include <assert.h>
| #endif
| 
| #undef execvpe
| 
| /* Override any GCC internal prototype to avoid an error.
|    Use char because int might match the return type of a GCC
|    builtin and then its argument prototype would still apply.  */
| #ifdef __cplusplus
| extern "C"
| #endif
| char execvpe ();
| /* The GNU C library defines this for functions which it implements
|     to always fail with ENOSYS.  Some functions are actually named
|     something starting with __ and the normal name is an alias.  */
| #if defined __stub_execvpe || defined __stub___execvpe
| choke me
| #endif
| 
| int
| main ()
| {
| return execvpe ();
|   ;
|   return 0;
| }
configure:4332: result: no
configure:4462: creating ./config.status

## ---------------------- ##
## Running config.status. ##
## ---------------------- ##

This file was extended by config.status, which was
generated by GNU Autoconf 2.69.  Invocation command line was

  CONFIG_FILES    = 
  CONFIG_HEADERS  = 
  CONFIG_LINKS    = 
  CONFIG_COMMANDS = 
  $ ./config.status 

on localhost

config.status:818: creating Makefile
config.status:818: creating config.h
config.status:993: config.h is unchanged

## ---------------- ##
## Cache variables. ##
## ---------------- ##

ac_cv_c_bigendian='no'
ac_cv_c_compiler_gnu='yes'
ac_cv_env_CC_set=''
ac_cv_env_CC_value=''
ac_cv_env_CFLAGS_set=''
ac_cv_env_CFLAGS_value=''
ac_cv_env_CPPFLAGS_set=''
ac_cv_env_CPPFLAGS_value=''
ac_cv_env_CPP_set=''
ac_cv_env_CPP_value=''
ac_cv_env_LDFLAGS_set=''
ac_cv_env_LDFLAGS_value=''
ac_cv_env_LIBS_set=''
ac_cv_env_LIBS_value=''
ac_cv_env_build_alias_set=''
ac_cv_env_build_alias_value=''
ac_cv_env_host_alias_set=''
ac_cv_env_host_alias_value=''
ac_cv_env_target_alias_set=''
ac_cv_env_target_alias_value=''
ac_cv_func_execvpe='no'
ac_cv_header_bsd_stdlib_h='no'
ac_cv_header_iconv_h='yes'
ac_cv_header_inttypes_h='yes'
ac_cv_header_math_h='yes'
ac_cv_header_memory_h='yes'
ac_cv_header_ncurses_h='yes'
ac_cv_header_pcre_h='yes'
ac_cv_header_pthread_h='yes'
ac_cv_header_readline_readline_h='yes'
ac_cv_header_stdc='yes'
ac_cv_header_stdint_h='yes'
ac_cv_header_stdlib_h='yes'
ac_cv_header_string_h='yes'
ac_cv_header_strings_h='yes'
ac_cv_header_sys_stat_h='yes'
ac_cv_header_sys_types_h='yes'
ac_cv_header_unistd_h='yes'
ac_cv_lib_bsd='ac_cv_lib_bsd_main'
ac_cv_lib_bsd_main='no'
ac_cv_lib_dl='ac_cv_lib_dl_main'
ac_cv_lib_dl_main='yes'
ac_cv_lib_m='ac_cv_lib_m_main'
ac_cv_lib_m_main='yes'
ac_cv_lib_ncursesw='ac_cv_lib_ncursesw_main'
ac_cv_lib_ncursesw_main='yes'
ac_cv_lib_pcre='ac_cv_lib_pcre_main'
ac_cv_lib_pcre_main='yes'
ac_cv_lib_pthread='ac_cv_lib_pthread_main'
ac_cv_lib_pthread_main='yes'
ac_cv_lib_readline='ac_cv_lib_readline_main'
ac_cv_lib_readline_main='yes'
ac_cv_lib_rt='ac_cv_lib_rt_main'
ac_cv_lib_rt_main='yes'
ac_cv_lib_util='ac_cv_lib_util_main'
ac_cv_lib_util_main='yes'
ac_cv_objext='o'
ac_cv_path_EGREP='/data/data/com.termux/files/usr/bin/grep -E'
ac_cv_path_GREP='/data/data/com.termux/files/usr/bin/grep'
ac_cv_path_install='/data/data/com.termux/files/usr/bin/install -c'
ac_cv_prog_CPP='gcc -E'
ac_cv_prog_ac_ct_CC='gcc'
ac_cv_prog_cc_c89=''
ac_cv_prog_cc_g='yes'

## ----------------- ##
## Output variables. ##
## ----------------- ##

CC='neo-c'
CFLAGS='-Isrc/ -I. -L . -I/data/data/com.termux/files/home/include -L/data/data/com.termux/files/home/lib -fPIC -rdynamic -DPREFIX="\"${DESTDIR}/\"" -O2 -Qunused-arguments'
COMPILER_OBJS='src/parser.o src/node.o'
CPP='gcc -E'
CPPFLAGS=''
DEFS='-DHAVE_CONFIG_H'
DESTDIR='/data/data/com.termux/files/home'
ECHO_C=''
ECHO_N='-n'
ECHO_T=''
EGREP='/data/data/com.termux/files/usr/bin/grep -E'
ENABLE_THREAD=''
EXEEXT=''
GREP='/data/data/com.termux/files/usr/bin/grep'
INSTALL_DATA='${INSTALL} -m 644'
INSTALL_PROGRAM='${INSTALL}'
INSTALL_SCRIPT='${INSTALL}'
LDFLAGS=''
LIBOBJS=''
LIBS=' -lutil -lncursesw -lreadline -ldl -lm -lpthread -lpcre -lreadline -lrt'
LTLIBOBJS=''
NCFLAGS=''
OBJEXT='o'
OBJS='src/vm.o'
OS='LINUX'
PACKAGE_BUGREPORT=''
PACKAGE_NAME=''
PACKAGE_STRING=''
PACKAGE_TARNAME=''
PACKAGE_URL=''
PACKAGE_VERSION=''
PATH_SEPARATOR=':'
SHELL='/bin/sh'
ac_ct_CC='gcc'
bindir='${exec_prefix}/bin'
build_alias=''
datadir='${datarootdir}'
datarootdir='${prefix}/share'
docdir='${datarootdir}/doc/${PACKAGE}'
dvidir='${docdir}'
exec_prefix='${prefix}'
host_alias=''
htmldir='${docdir}'
includedir='${prefix}/include'
infodir='${datarootdir}/info'
libdir='${exec_prefix}/lib'
libexecdir='${exec_prefix}/libexec'
localedir='${datarootdir}/locale'
localstatedir='${prefix}/var'
mandir='${datarootdir}/man'
oldincludedir='/usr/include'
pdfdir='${docdir}'
prefix='/data/data/com.termux/files/home'
program_transform_name='s,x,x,'
psdir='${docdir}'
runstatedir='${localstatedir}/run'
sbindir='${exec_prefix}/sbin'
sharedstatedir='${prefix}/com'
sysconfdir='${prefix}/etc'
target_alias=''

## ----------- ##
## confdefs.h. ##
## ----------- ##

/* confdefs.h */
#define PACKAGE_NAME ""
#define PACKAGE_TARNAME ""
#define PACKAGE_VERSION ""
#define PACKAGE_STRING ""
#define PACKAGE_BUGREPORT ""
#define PACKAGE_URL ""
#define STDC_HEADERS 1
#define HAVE_SYS_TYPES_H 1
#define HAVE_SYS_STAT_H 1
#define HAVE_STDLIB_H 1
#define HAVE_STRING_H 1
#define HAVE_MEMORY_H 1
#define HAVE_STRINGS_H 1
#define HAVE_INTTYPES_H 1
#define HAVE_STDINT_H 1
#define HAVE_UNISTD_H 1
#define __32BIT_CPU__ 1
#define __LINUX__ 1
#define HAVE_NCURSESW_H 1
#define HAVE_READLINE_H 1
#define HAVE_MATH_H 1
#define HAVE_ICONV_H 1
#define HAVE_PTHREAD_H 1
#define HAVE_PCRE_H 1
#define HAVE_READLINE_H 1

configure: exit 0
